[2]
[1]Primary Player Statistics For 2015 Anaheim Angels Totals After 29 Games


[1]NAME              BAVG  GM  AB   R   H 2B 3B HR RBI  BB  SO HB SH DP  SB CS  E
J.Reddick[4]         .365  27 104  23  38  4  1  3  14  12   5  0  0  3   2  1  2
T.Pham[4]            .342   9  38   4  13  1  3  2  11   2  13  0  0  1   1  0  0
A.Eaton[4]           .299  29 107  21  32  3  2  3  12  14  17  2  0  2   1  0  2
A.Rodriguez[4]       .260  29 100  16  26  2  0  6  14  21  28  3  0  1   1  0  1
M.Wieters[4]         .245  21  53   7  13  3  0  0   2   4  10  0  0  1   0  0  0
R.Tejada[4]          .241   9  29   3   7  4  0  0   0   1   8  0  0  0   0  0  1
C.Asche[4]           .241  24  83   9  20  4  0  4  11   7  23  2  0  4   0  1  0
G.Stanton[4]         .238  17  63  13  15  4  0  8  19   5  25  1  0  2   0  0  0
R.Cano[4]            .231  27 104  11  24  5  0  3  17  10  18  0  0  9   0  1  1
D.Gregorius[4]       .228  28 101  10  23  3  0  1   9   4  18  0  4  2   0  1  3
E.Escobar[4]         .221  22  77   7  17  7  1  2  10   6  16  1  0  4   1  0  4
M.Reynolds[4]        .214   5  14   3   3  0  0  1   2   5   2  0  0  1   0  0  1
E.Hosmer[4]          .195  22  77   8  15  2  0  3  11   6  13  1  1  2   0  0  1
R.Rivera[4]          .184  18  49   2   9  5  0  0   2   3  16  0  2  1   0  0  1
A.Hedges[4]          .125   3   8   1   1  0  0  0   0   0   2  0  0  0   0  0  0
ALL PITCHERS[4]      ----  29   0   0   0  0  0  0   0   0   0  0  0  0   0  0  1
----------------- ---- --- --- --- --- -- -- -- --- --- --- -- -- -- --- -- --
TEAM TOTALS       .254    1007     256     7    134     214     7      6    18
                        29     138     47    36     100     10    33      4


[1]NAME               ERA  W  L   PCT   G GS CG SH SV    IP   H   R  ER HR  BB  SO
D.O'Day[4]           0.00  1  0 1.000   9  0  0  0  4  13.2   4   0   0  0   4  14
F.Rivero[4]          1.23  0  0  ----   7  0  0  0  1  14.2  12   2   2  1   4   8
R.Delgado[4]         2.19  1  1  .500  11  0  0  0  2  24.2  18   7   6  1  13  21
G.Cole[4]            2.87  3  2  .600   6  6  3  0  0  47.0  49  16  15  3   6  28
C.Tillman[4]         3.10  2  0 1.000   6  6  0  0  0  29.0  24  12  10  3   5  28
B.Cecil[4]           3.29  0  1  .000   7  0  0  0  1  13.2   6   5   5  1   6  20
J.Niese[4]           3.89  2  3  .400   6  6  0  0  0  34.2  26  15  15  4  13  26
A.Barrett[4]         5.40  2  0 1.000   5  0  0  0  0  10.0   8   7   6  1   3  13
J.Blanton[4]         6.65  2  0 1.000  10  0  0  0  0  21.2  33  16  16  4   9  32
J.Tazawa[4]          6.75  1  1  .500  10  0  0  0  0  12.0  21  10   9  2   7  13
S.Feldman[4]         7.67  0  3  .000   5  5  0  0  0  29.1  45  26  25  2   8  17
D.Phelps[4]         10.62  0  4  .000   6  6  0  0  0  20.1  36  28  24  5   8  15
J.Weaver[4]          ----  0  0  ----   0  0  0  0  0   0.0   0   0   0  0   0   0
D.Holland[4]         ----  0  0  ----   0  0  0  0  0   0.0   0   0   0  0   0   0
K.Lobstein[4]        ----  0  0  ----   0  0  0  0  0   0.0   0   0   0  0   0   0
ALL NON-PITCHERS[4]  ----  0  0  ----   0  0  0  0  0   0.0   0   0   0  0   0   0
Team                                          0                   +0
----------------- ---- -- -- ----- --- -- -- -- -- ----- --- --- --- -- --- ---
TEAM TOTALS       4.42    15        29     3     8       282     133     86
                       14     .483     29     0    270.2     144     27     235
[1]Primary Player Statistics For 2015 Arizona Diamondbacks Totals After 24 Games


[1]NAME              BAVG  GM  AB   R   H 2B 3B HR RBI  BB  SO HB SH DP  SB CS  E
M.Adams[4]           .667   3   3   0   2  1  0  0   0   0   0  0  0  0   0  0  0
P.Alvarez[4]         .667   1   6   2   4  1  0  1   1   0   1  0  0  0   0  0  0
Z.Cozart[4]          .412  19  34   2  14  0  1  0   7   1   3  0  1  0   0  0  0
B.Ryan[4]            .333   2   6   0   2  0  0  0   0   1   2  1  0  1   0  0  0
B.Swihart[4]         .295  16  44   3  13  5  0  1   5   2  13  1  0  0   0  0  0
R.Howard[4]          .295  22  78  10  23 11  0  6  17   7  21  0  0  0   0  0  2
T.Frazier[4]         .292  24  96  15  28  7  0  4   6  10  22  0  0  2   0  0  0
S.Marte[4]           .236  24  89   9  21  2  1  1   6   7  23  6  1  2   1  0  0
B.Hamilton[4]        .231  17  78   5  18  3  1  0   1   3  16  0  0  0   4  1  0
K.Kiermaier[4]       .226  22  84   7  19  1  3  0   4   5  21  0  0  1   3  0  0
J.Jaso[4]            .222  11  18   1   4  0  0  1   2   2   6  1  0  1   0  1  0
A.Garcia[4]          .189  17  37   3   7  2  0  0   3   3   8  0  0  0   0  0  0
J.Mercer[4]          .182  20  66   5  12  3  0  0   4   3  11  0  0  2   1  0  1
K.Wong[4]            .167  23  90   6  15  3  0  0   3   7  18  3  0  5   2  0  3
C.Iannetta[4]        .140  15  43   2   6  1  0  2   5   5  18  0  0  1   0  0  0
C.Colabello[4]       .077   5  13   0   1  0  0  0   0   1   8  0  0  1   0  0  0
T.Cruz[4]            .000   2   2   0   0  0  0  0   0   0   1  0  0  0   0  0  0
ALL PITCHERS[4]      .132  24  53   2   7  1  0  0   3   2  21  0  6  1   0  0  5
----------------- ---- --- --- --- --- -- -- -- --- --- --- -- -- -- --- -- --
TEAM TOTALS       .233     840     196     6     67     213     8     11    11
                        24      72     41    16      59     12    17      2


[1]NAME               ERA  W  L   PCT   G GS CG SH SV    IP   H   R  ER HR  BB  SO
C.Furbush[4]         0.00  1  0 1.000   5  0  0  0  0   4.1   1   0   0  0   1   3
J.Manship[4]         1.29  1  2  .333   7  0  0  0  0   7.0   7   7   1  0   2   9
M.Morin[4]           1.29  0  0  ----   4  0  0  0  0   7.0   5   1   1  0   3  11
T.Ross[4]            1.37  3  2  .600   6  6  3  2  0  46.0  23  10   7  4  15  42
N.Karns[4]           3.09  1  3  .250   5  5  1  0  0  32.0  27  12  11  5  10  29
F.Salas[4]           3.38  0  1  .000   8  0  0  0  0  13.1  11   6   5  0   1  17
M.Tanaka[4]          3.53  0  3  .000   5  5  0  0  0  35.2  30  14  14  6   7  31
T.Hunter[4]          3.78  0  0  ----  12  0  0  0  3  16.2  14   7   7  3   3  14
J.Hammel[4]          4.39  1  2  .333   4  4  0  0  0  26.2  32  13  13  2  12  27
M.Pineda[4]          4.50  0  1  .000   1  1  0  0  0   6.0   5   3   3  0   0   4
B.Boyer[4]           6.17  1  0 1.000  11  0  0  0  1  11.2  14   8   8  1   3   4
M.Moore[4]           8.53  0  0  ----   1  1  0  0  0   6.1  12   6   6  1   2   3
J.Fernandez[4]      10.24  0  2  .000   3  2  0  0  0   9.2  20  12  11  2   2  10
ALL NON-PITCHERS[4]  ----  0  0  ----   0  0  0  0  0   0.0   0   0   0  0   0   0
Team                                          0                   +0
----------------- ---- -- -- ----- --- -- -- -- -- ----- --- --- --- -- --- ---
TEAM TOTALS       3.52    16        24     4     4       201      87     61
                        8     .333     24     2    222.1      99     24     204
[2]
[1]Primary Player Statistics For 2015 Atlanta Braves Totals After 29 Games


[1]NAME              BAVG  GM  AB   R   H 2B 3B HR RBI  BB  SO HB SH DP  SB CS  E
A.Susac[4]          1.000   3   1   0   1  0  0  0   0   1   0  0  0  0   0  0  0
J.Uribe[4]           .359  18  39   7  14  1  1  2   6   4  12  1  0  0   0  0  1
N.Hundley[4]         .337  26  83  13  28  6  1  1  12   7  12  1  0  3   2  2  0
H.Kendrick[4]        .288  26 104  11  30  5  0  3  11   2  26  0  0  2   1  1  1
A.Blanco[4]          .282  16  39   5  11  1  2  1   3   3   7  0  0  2   0  0  1
B.Crawford[4]        .276  23  87  11  24  1  0  6  15   5  23  0  0  0   0  0  2
R.Davis[4]           .267  11  15   2   4  0  1  0   0   1   3  0  0  0   0  0  0
T.Shaw[4]            .264  16  53   7  14  1  0  3   8   4  12  0  0  0   0  0  2
M.Kemp[4]            .248  29 109  12  27  8  1  2  11   5  19  1  0  3   2  0  0
S.Choo[4]            .245  29 106  14  26  5  1  6  17  12  27  1  0  2   0  0  1
D.Norris[4]          .233  26  43   3  10  2  0  1   4   3  15  1  0  0   2  0  0
A.Ramirez[4]         .220  27  82   6  18  4  1  2   8   6   6  0  0  3   0  0  5
S.Pearce[4]          .217  20  60   6  13  2  0  3   5   6  13  1  0  2   0  0  0
C.Pennington[4]      .200   1   5   0   1  0  0  0   0   0   1  0  0  1   0  0  0
B.Gardner[4]         .156  28 109  14  17  1  0  2   9  18  29  0  1  3   2  1  1
T.Jankowski[4]       .000   1   1   0   0  0  0  0   0   0   0  0  0  0   0  0  0
ALL PITCHERS[4]      .053  29  57   3   3  1  0  0   0   5  25  0  6  2   0  0  2
----------------- ---- --- --- --- --- -- -- -- --- --- --- -- -- -- --- -- --
TEAM TOTALS       .243     993     241     8    109     230     7      9    16
                        29     114     38    32      82      6    23      4


[1]NAME               ERA  W  L   PCT   G GS CG SH SV    IP   H   R  ER HR  BB  SO
J.Lopez[4]           1.26  1  1  .500  11  0  0  0  1  14.1   6   2   2  0   8  11
T.Gott[4]            2.35  0  1  .000  12  0  0  0  2  15.1  11   5   4  2   2   8
D.Robertson[4]       2.40  2  0 1.000  11  0  0  0  2  15.0   9   5   4  2   0  21
E.Volquez[4]         2.91  4  2  .667   7  7  0  0  0  46.1  42  15  15  3  15  34
M.Scherzer[4]        2.98  3  3  .500   7  7  1  1  0  54.1  37  18  18  7  14  61
L.Severino[4]        3.46  0  2  .000   2  2  0  0  0  13.0  12  10   5  1   2  15
C.Hamels[4]          4.46  0  4  .000   6  6  0  0  0  40.1  39  20  20  5  11  43
J.Tomlin[4]          4.70  0  1  .000   2  2  0  0  0   7.2   3   4   4  3   2   7
J.Motte[4]           4.73  1  2  .333  12  0  0  0  1  13.1  13   8   7  2   4   9
T.Koehler[4]         4.91  0  1  .000   5  5  0  0  0  25.2  30  16  14  4  11  15
J.Smith[4]           5.52  0  0  ----  15  0  0  0  1  14.2  23  10   9  0   4  10
M.Thornton[4]       10.13  1  0 1.000   8  0  0  0  0   8.0  11  10   9  0   6   6
J.Hughes[4]          ----  0  0  ----   0  0  0  0  0   0.0   0   0   0  0   0   0
ALL NON-PITCHERS[4]  ----  0  0  ----   0  0  0  0  0   0.0   0   0   0  0   0   0
Team                                          1                   +0
----------------- ---- -- -- ----- --- -- -- -- -- ----- --- --- --- -- --- ---
TEAM TOTALS       3.73    17        29     1     7       236     111     79
                       12     .414     29     2    268.0     123     29     240
[2]
[1]Primary Player Statistics For 2015 Baltimore Orioles Totals After 30 Games


[1]NAME              BAVG  GM  AB   R   H 2B 3B HR RBI  BB  SO HB SH DP  SB CS  E
F.Gutierrez[4]       .400   6  20   4   8  3  0  1   3   2   8  0  0  0   0  0  0
C.Joseph[4]          .342  22  73   9  25  4  0  5  12   4  19  0  0  0   0  0  0
M.Brantley[4]        .342  30 120  17  41 11  0  1  22  10  11  1  0  3   1  0  0
D.Navarro[4]         .289  14  38   6  11  2  0  2   7   0   5  0  0  0   0  0  2
S.Smith[4]           .289  26  83  13  24  6  1  3   8  11  17  1  0  2   0  0  0
M.Machado[4]         .286  30 119  18  34  5  0  7  22   7  20  0  0  0   5  2  3
L.Cain[4]            .264  30 121  19  32  5  4  0   7  10  30  5  0  2   8  1  1
X.Bogaerts[4]        .261  30 111  12  29  8  0  1   9   6  15  0  1  2   0  3  3
C.Granderson[4]      .250  29  96  19  24  7  0  2   4  17  29  2  0  1   4  1  2
C.Davis[4]           .237  30 114  18  27  5  0  7  25  14  38  3  0  1   0  1  0
D.Ruf[4]             .227   7  22   2   5  1  0  1   3   2   4  1  0  0   0  0  0
R.Odor[4]            .210  28 100  11  21  5  2  3  18   6  22  4  0  3   3  1  3
A.Romine[4]          .091   4  11   0   1  0  0  0   0   0   3  0  0  1   0  0  0
T.Cunningham[4]      .000   3   1   1   0  0  0  0   0   0   0  0  0  0   1  0  0
R.Refsnyder[4]       ----   0   0   0   0  0  0  0   0   0   0  0  0  0   0  0  0
ALL PITCHERS[4]      ----  30   0   0   0  0  0  0   0   0   0  0  0  0   0  0  2
----------------- ---- --- --- --- --- -- -- -- --- --- --- -- -- -- --- -- --
TEAM TOTALS       .274    1029     282     7    140     221     1     22    16
                        30     149     62    33      89     17    15      9


[1]NAME               ERA  W  L   PCT   G GS CG SH SV    IP   H   R  ER HR  BB  SO
B.Treinen[4]         1.08  0  0  ----   4  0  0  0  0   8.1   9   1   1  1   1  10
A.Wilson[4]          1.20  0  1  .000   8  0  0  0  0  15.0  12   3   2  0   2  11
K.Giles[4]           1.20  3  0 1.000  12  0  0  0  2  15.0  11   2   2  0   6  15
H.Robles[4]          1.59  1  0 1.000   5  0  0  0  0  11.1   7   2   2  2   1   9
T.Layne[4]           1.69  0  1  .000   3  0  0  0  0   5.1   5   1   1  0   2   5
C.Kluber[4]          2.68  4  0 1.000   6  6  1  1  0  40.1  34  14  12  3   6  46
D.Keuchel[4]         2.91  5  1  .833   6  6  3  0  0  46.1  32  17  15  6  13  45
M.Melancon[4]        3.07  0  1  .000  14  0  0  0  7  14.2  10   5   5  1   4  13
G.Richards[4]        4.06  1  2  .333   6  6  0  0  0  37.2  32  19  17  4  16  36
J.Nicolino[4]        4.26  3  1  .750   6  6  0  0  0  38.0  46  20  18  5   9  14
J.Locke[4]           5.14  4  2  .667   6  6  1  0  0  35.0  37  20  20  4  15  23
Z.McAllister[4]      ----  0  0  ----   0  0  0  0  0   0.0   0   0   0  0   0   0
E.Rodriguez[4]       ----  0  0  ----   0  0  0  0  0   0.0   0   0   0  0   0   0
ALL NON-PITCHERS[4]  ----  0  0  ----   0  0  0  0  0   0.0   0   0   0  0   0   0
Team                                          0                   +0
----------------- ---- -- -- ----- --- -- -- -- -- ----- --- --- --- -- --- ---
TEAM TOTALS       3.20     9        30     5     9       235      95     75
                       21     .700     30     1    267.0     104     26     227
[2]
[1]Primary Player Statistics For 2015 Boston Red Sox Totals After 30 Games


[1]NAME              BAVG  GM  AB   R   H 2B 3B HR RBI  BB  SO HB SH DP  SB CS  E
C.Dickerson[4]       .302  19  53   7  16  5  0  2  11   3  13  0  0  2   0  0  0
C.Hernandez[4]       .275  24  80   7  22  4  4  0   5   3  12  0  0  0   2  0  3
B.Miller[4]          .250  28  88  10  22  7  2  1   4  13  20  2  1  2   4  0  2
M.Upton Jr[4]        .239  20  46   6  11  1  0  4  11   5  10  0  0  1   1  1  0
P.Tucker[4]          .239  21  67   7  16  5  0  1   5   5  16  2  0  0   0  0  0
J.Abreu[4]           .235  29 115  13  27  5  0  3   7   3  29  2  0  3   0  0  0
B.McCann[4]          .226  28  93  15  21  3  0  8  14   9  28  0  0  1   0  0  1
J.Bradley Jr[4]      .196  20  56   8  11  3  0  2  14  12  26  1  0  1   1  0  0
T.Beckham[4]         .196  15  51   1  10  1  2  0   0   4  19  0  0  2   0  0  1
L.Valbuena[4]        .184  26  87   7  16  2  0  5   8  12  26  0  0  1   1  0  1
R.Rua[4]             .176  17  51   3   9  5  0  1   5   3  20  0  0  1   0  0  0
J.Marisnick[4]       .163  26  80   5  13  1  0  1   3   5  30  0  0  1   2  0  1
K.Bryant[4]          .125  28  96  10  12  3  0  2   6  15  36  5  0  3   2  0  3
D.Garneau[4]         .071   9  28   0   2  1  0  0   1   1   7  0  0  0   0  0  1
D.Machado[4]         .053   7  19   0   1  0  0  0   0   2  14  0  0  0   0  0  1
ALL PITCHERS[4]      ----  30   0   0   0  0  0  0   0   0   0  0  0  0   0  0  6
----------------- ---- --- --- --- --- -- -- -- --- --- --- -- -- -- --- -- --
TEAM TOTALS       .207    1010     209     8     94     306     1     13    20
                        30      99     46    30      95     12    18      1


[1]NAME               ERA  W  L   PCT   G GS CG SH SV    IP   H   R  ER HR  BB  SO
C.Capps[4]           0.77  0  0  ----   6  0  0  0  1  11.2   5   1   1  1   0  25
O.Perez[4]           2.29  1  1  .500  10  0  0  0  0  19.2  16   5   5  3   7  25
J.Diekman[4]         2.45  0  0  ----  12  0  0  0  0  18.1  19   7   5  0   8  17
W.Davis[4]           2.81  1  2  .333  12  0  0  0  4  16.0  10   5   5  1   5  18
C.Archer[4]          2.84  3  3  .500   7  7  0  0  0  50.2  44  18  16  3  17  56
D.Haren[4]           3.34  2  2  .500   6  6  1  1  0  35.0  29  13  13  6   3  22
J.Quintana[4]        4.44  2  4  .333   7  7  1  1  0  46.2  61  26  23  4  12  45
E.Jackson[4]         4.88  0  2  .000  15  0  0  0  1  24.0  24  15  13  3  17  19
C.Martinez[4]        5.10  2  3  .400   5  5  1  0  0  30.0  31  18  17  5  14  27
T.May[4]            10.42  0  2  .000   7  5  0  0  0  19.0  29  22  22  4   7  14
M.Wisler[4]          ----  0  0  ----   0  0  0  0  0   0.0   0   0   0  0   0   0
J.Urena[4]           ----  0  0  ----   0  0  0  0  0   0.0   0   0   0  0   0   0
J.Hahn[4]            ----  0  0  ----   0  0  0  0  0   0.0   0   0   0  0   0   0
ALL NON-PITCHERS[4]  ----  0  0  ----   0  0  0  0  0   0.0   0   0   0  0   0   0
Team                                          0                   +0
----------------- ---- -- -- ----- --- -- -- -- -- ----- --- --- --- -- --- ---
TEAM TOTALS       3.99    19        30     3     6       268     120     90
                       11     .367     30     2    271.0     130     30     268
[2]
[1]Primary Player Statistics For 2015 Chicago (AL) White Sox Totals After 27 Games


[1]NAME              BAVG  GM  AB   R   H 2B 3B HR RBI  BB  SO HB SH DP  SB CS  E
B.Drury[4]           .600   1   5   0   3  0  0  0   2   0   1  0  0  0   0  0  0
J.Harrison[4]        .311  21  90   8  28  5  0  2   6   1  16  1  0  2   2  0  4
C.Blackmon[4]        .303  27 119  22  36  4  2  3   9   7  24  3  1  3  10  3  0
A.Escobar[4]         .292  27  96   8  28  6  0  0   8   4  12  2  4  1   1  1  3
J.Murphy[4]          .286  14  49   5  14  3  1  0   3   5  18  0  0  1   1  0  0
Y.Cespedes[4]        .279  27 111  19  31  7  1  7  21   8  27  2  0  6   1  1  0
R.Hanigan[4]         .277  17  47   3  13  2  0  0   2   3  13  2  0  0   0  0  0
D.Ortiz[4]           .271  27 107  16  29  8  0  9  22  15  17  0  0  5   0  0  0
J.Kang[4]            .270  23  89  13  24  5  1  5  17   5  28  4  0  2   1  0  1
J.Ellsbury[4]        .266  19  64   6  17  1  0  1   7   9  13  0  0  0   2  0  0
A.Rizzo[4]           .262  27 103  19  27  7  0  6  21  12  13  8  0  3   1  1  0
P.Orlando[4]         .234  16  47   4  11  2  2  1   4   2   8  0  0  2   1  0  2
T.Featherston[4]     .212  14  33   9   7  3  0  1   3  10   9  1  0  2   4  0  1
J.Sucre[4]           .000   4   6   0   0  0  0  0   0   0   1  0  0  1   0  0  0
C.Santana[4]         ----   2   0   0   0  0  0  0   0   1   0  0  0  0   0  0  0
R.Castillo[4]        ----   0   0   0   0  0  0  0   0   0   0  0  0  0   0  0  0
ALL PITCHERS[4]      ----  27   0   0   0  0  0  0   0   0   0  0  0  0   0  0  3
----------------- ---- --- --- --- --- -- -- -- --- --- --- -- -- -- --- -- --
TEAM TOTALS       .277     966     268     7    125     200     5     24    14
                        27     132     53    35      82     23    28      6


[1]NAME               ERA  W  L   PCT   G GS CG SH SV    IP   H   R  ER HR  BB  SO
F.Morales[4]         0.79  1  0 1.000   5  0  0  0  0  11.1   7   1   1  0   2   7
J.Grilli[4]          1.74  0  0  ----   7  0  0  0  0  10.1   7   3   2  0   3  19
E.Araujo[4]          2.45  0  1  .000   6  0  0  0  0  11.0   8   3   3  1   5   8
D.Betances[4]        2.51  0  2  .000   7  0  0  0  1  14.1   5   5   4  1   5  26
J.Soria[4]           2.70  0  0  ----   9  0  0  0  2  16.2  19   6   5  3   8  15
B.Norris[4]          2.81  0  0  ----   7  1  0  0  2  16.0  18   5   5  1   2  12
R.De La Rosa[4]      2.94  2  1  .667   6  6  0  0  0  33.2  30  13  11  5  12  28
M.Dunn[4]            3.71  2  1  .667  11  0  0  0  0  17.0  20   7   7  0  10  21
U.Jimenez[4]         3.79  3  2  .600   6  6  0  0  0  35.2  41  17  15  5  12  25
M.Gonzalez[4]        3.80  2  0 1.000   4  4  0  0  0  23.2  25  10  10  3   7  18
D.Pomeranz[4]        4.21  3  3  .500  12  0  0  0  3  25.2  20  13  12  4   9  29
C.Morton[4]          5.63  1  1  .500   4  4  0  0  0  16.0  20  11  10  5   4  12
A.Cashner[4]         9.90  0  2  .000   6  6  0  0  0  20.0  31  23  22  6  13  14
ALL NON-PITCHERS[4]  ----  0  0  ----   0  0  0  0  0   0.0   0   0   0  0   0   0
Team                                          1                   +0
----------------- ---- -- -- ----- --- -- -- -- -- ----- --- --- --- -- --- ---
TEAM TOTALS       3.83    13        27     0     8       251     107     92
                       14     .519     27     1    251.1     117     34     234
[2]
[1]Primary Player Statistics For 2015 Chicago (NL) Cubs Totals After 29 Games


[1]NAME              BAVG  GM  AB   R   H 2B 3B HR RBI  BB  SO HB SH DP  SB CS  E
B.Harper[4]          .368  29  95  22  35 10  0  9  18  33  24  0  0  3   1  0  2
Y.Alonso[4]          .351  20  77   5  27  4  0  2  14   6   5  0  0  3   1  1  0
C.Coghlan[4]         .304  28  92  19  28  9  0  7  12  12  17  0  0  1   1  0  0
A.Russell[4]         .266  28 109  16  29  7  1  6   7  15  29  1  0  2   1  0  3
M.Aviles[4]          .235  26  51   2  12  1  1  1   3   2   1  0  0  3   0  1  1
M.Betts[4]           .233  29 120  14  28  3  2  6  15   9  18  0  0  4   3  3  1
D.Murphy[4]          .220  29 109  12  24  9  1  1   6   8   9  0  0  3   0  0  3
C.Owings[4]          .218  29 110   5  24  5  1  0  11   4  32  0  1  3   6  0  1
Y.Molina[4]          .198  29 111   9  22  4  0  1   9  11   7  0  0  6   0  0  1
J.Bourgeois[4]       .192  10  26   2   5  0  0  1   3   1   1  0  0  1   0  1  0
R.Shaffer[4]         .143  13  14   1   2  0  0  1   1   4   7  0  0  0   0  0  0
K.Plawecki[4]        .000  15  13   0   0  0  0  0   0   0   3  1  0  0   0  0  0
M.Muncy[4]           .000   6   4   0   0  0  0  0   0   0   1  0  0  0   0  0  0
J.Lake[4]            .000   2   1   0   0  0  0  0   0   0   0  0  0  0   0  1  0
D.Herrera[4]         ----   0   0   0   0  0  0  0   0   0   0  0  0  0   0  0  0
ALL PITCHERS[4]      .119  29  67   2   8  1  0  0   2   3  31  0  7  1   0  0  2
----------------- ---- --- --- --- --- -- -- -- --- --- --- -- -- -- --- -- --
TEAM TOTALS       .244     999     244     6    101     185     8     13    14
                        29     109     53    35     108      2    30      7


[1]NAME               ERA  W  L   PCT   G GS CG SH SV    IP   H   R  ER HR  BB  SO
J.Petricka[4]        1.04  1  0 1.000  12  0  0  0  1  17.1  16   3   2  0   2  10
J.Graham[4]          2.12  2  0 1.000  10  0  0  0  0  17.0  11   4   4  0   8  16
C.Rodon[4]           3.25  1  2  .333   6  6  0  0  0  36.0  35  13  13  2  18  40
F.Rodney[4]          3.68  1  2  .333  12  0  0  0  5  14.2   9   6   6  2  12  14
T.Walker[4]          3.70  2  3  .400   6  6  1  0  0  41.1  43  19  17  7   8  39
R.Ross[4]            4.41  0  2  .000  13  0  0  0  1  16.1  18   9   8  4   2  12
M.Lorenzen[4]        4.50  1  2  .333   8  6  0  0  0  36.0  31  18  18  6  16  31
W.Peralta[4]         4.64  3  2  .600   5  5  1  0  0  33.0  35  17  17  4   6  17
D.Salazar[4]         4.65  1  3  .250   6  6  0  0  0  40.2  37  21  21  4  12  45
C.Bedrosian[4]       5.19  1  0 1.000   9  0  0  0  0   8.2  20   5   5  1   3  10
E.Burgos[4]          6.75  0  0  ----  10  0  0  0  1   6.2  10   5   5  1   5   4
H.Owens[4]           ----  0  0  ----   0  0  0  0  0   0.0   0   0   0  0   0   0
A.Morgan[4]          ----  0  0  ----   0  0  0  0  0   0.0   0   0   0  0   0   0
T.Scheppers[4]       ----  0  0  ----   0  0  0  0  0   0.0   0   0   0  0   0   0
K.Sampson[4]         ----  0  0  ----   0  0  0  0  0   0.0   0   0   0  0   0   0
ALL NON-PITCHERS[4]  ----  0  0  ----   0  0  0  0  0   0.0   0   0   0  0   0   0
Team                                          0                   +0
----------------- ---- -- -- ----- --- -- -- -- -- ----- --- --- --- -- --- ---
TEAM TOTALS       3.90    16        29     2     8       265     116     92
                       13     .448     29     0    267.2     120     31     238
[2]
[1]Primary Player Statistics For 2015 Cleveland Indians Totals After 30 Games


[1]NAME              BAVG  GM  AB   R   H 2B 3B HR RBI  BB  SO HB SH DP  SB CS  E
P.Gosselin[4]        .353  10  34   9  12  5  0  1   4   2   4  1  0  0   1  0  3
C.Crawford[4]        .333   9  33   6  11  2  1  1   3   1   7  0  0  0   1  0  0
A.Garcia[4]          .289  11  45   5  13  2  0  3   9   0   5  0  0  3   0  0  0
J.Gyorko[4]          .280  22  82  10  23  3  0  7  16   7  26  0  0  5   0  0  0
D.Freese[4]          .274  24  84   8  23  4  0  4  10   4  20  1  0  2   2  0  2
K.Suzuki[4]          .250  10  32   2   8  3  0  0   3   1   3  0  0  0   0  0  1
S.Castro[4]          .245  28 110  10  27  5  0  2  12   1  16  1  0  2   0  0  3
B.Butler[4]          .245  30 102   9  25  5  0  1  14  16  22  0  0  3   0  0  0
L.Chisenhall[4]      .219  20  73   9  16  4  0  2   3   4  17  0  0  0   0  0  0
C.Rasmus[4]          .204  27  98  19  20  6  0  4  11  13  28  0  0  4   0  0  0
K.Davis[4]           .178  18  73  10  13  3  0  4   6   6  26  0  0  1   1  0  0
A.Altherr[4]         .171  11  35   3   6  3  2  0   1   4  10  2  0  1   0  1  0
J.Lamb[4]            .167  24  66   6  11  5  0  0   6   3  27  0  0  5   0  0  2
C.Carter[4]          .153  20  72   9  11  0  0  5  10   8  33  0  0  2   0  0  2
W.Ramos[4]           .150  25  80   6  12  4  0  4   7   3  20  0  0  6   0  0  1
T.Turner[4]          .111   5   9   2   1  0  0  0   0   0   1  0  0  0   0  0  0
ALL PITCHERS[4]      ----  30   0   0   0  0  0  0   0   0   0  0  0  0   0  0  2
----------------- ---- --- --- --- --- -- -- -- --- --- --- -- -- -- --- -- --
TEAM TOTALS       .226    1028     232     3    115     265     0      5    16
                        30     123     54    38      73      5    34      1


[1]NAME               ERA  W  L   PCT   G GS CG SH SV    IP   H   R  ER HR  BB  SO
L.Hendriks[4]        2.86  1  0 1.000  17  0  0  0  4  22.0  23   8   7  1   2  29
B.Hardy[4]           2.95  1  2  .333  17  0  0  0  2  21.1  18   8   7  1   9  22
M.Cain[4]            3.00  1  0 1.000   1  1  0  0  0   6.0   7   2   2  1   1   3
T.Lincecum[4]        3.66  2  0 1.000   5  3  0  0  0  19.2  26   8   8  0   5  12
C.Sale[4]            3.86  2  2  .500   8  7  2  0  0  56.0  54  25  24  4  14  65
C.Shreve[4]          4.05  0  0  ----  19  0  0  0  0  13.1  10   6   6  1   9  15
P.Baez[4]            4.15  1  1  .500  21  0  0  0  1  17.1  17   8   8  1   4  20
J.Ross[4]            5.92  1  2  .333  10  3  0  0  0  24.1  28  16  16  4  12  19
C.Bettis[4]          6.58  2  2  .500   4  4  1  0  0  26.0  30  19  19  9  10  21
K.Medlen[4]          6.85  1  1  .500  12  3  0  0  0  23.2  36  20  18  4   4   9
K.Kendrick[4]       10.41  0  4  .000   6  6  0  0  0  23.1  36  27  27  7   8   7
M.Latos[4]          10.80  1  3  .250   9  3  0  0  0  20.0  38  24  24  6   6  15
B.Logan[4]           ----  0  0  ----   0  0  0  0  0   0.0   0   0   0  0   0   0
T.Cooney[4]          ----  0  0  ----   0  0  0  0  0   0.0   0   0   0  0   0   0
ALL NON-PITCHERS[4]  ----  0  0  ----   0  0  0  0  0   0.0   0   0   0  0   0   0
Team                                          1                   +0
----------------- ---- -- -- ----- --- -- -- -- -- ----- --- --- --- -- --- ---
TEAM TOTALS       5.47    17        30     3     7       323     166     84
                       13     .433     30     1    273.0     171     39     237
[2]
[1]Primary Player Statistics For 2015 Colorado Rockies Totals After 30 Games


[1]NAME              BAVG  GM  AB   R   H 2B 3B HR RBI  BB  SO HB SH DP  SB CS  E
Y.Grandal[4]         .354  26  79  19  28  8  0  9  27  15  17  0  0  2   0  0  2
J.Arencibia[4]       .345  18  29   5  10  3  0  2   4   0  10  0  0  2   0  0  0
L.Morrison[4]        .338  20  68  10  23  4  1  2  13   6  12  1  0  2   2  0  0
B.Holt[4]            .315  27  92  12  29  4  5  1  15  12  20  0  0  2   3  1  0
E.Nunez[4]           .304  12  23   3   7  3  1  0   5   0   4  0  0  0   1  1  0
M.Carpenter[4]       .291  30 103  21  30  8  0  4  17  24  26  1  0  2   0  0  0
B.Dozier[4]          .279  30 111  20  31  8  1  6  17  21  28  1  0  0   1  1  0
B.Burns[4]           .270  25  89  14  24  2  3  0   5   7  11  1  0  1   4  2  1
O.Arcia[4]           .250   5   4   1   1  0  0  0   0   0   1  0  0  0   0  0  0
A.De Aza[4]          .213  22  80  12  17  3  0  5  12   8  21  1  0  2   0  0  0
B.Barnes[4]          .211  18  57  10  12  1  3  0   4   4  14  1  0  2   1  0  0
D.Pompey[4]          .194   7  31   4   6  1  0  2   3   0   9  0  0  0   1  0  0
C.Taylor[4]          .167  13   6   0   1  0  0  0   0   1   3  0  0  0   0  0  1
I.Desmond[4]         .155  30 103  10  16  1  0  3  12  14  30  0  3  1   2  0  9
C.Casali[4]          .133  15  30   2   4  2  0  1   5   2   9  0  0  2   0  0  0
M.Napoli[4]          .122  18  49   8   6  0  0  2   4   4  13  2  0  1   0  0  1
ALL PITCHERS[4]      .123  30  65   3   8  0  0  1   8   2  18  0  5  0   0  0  5
----------------- ---- --- --- --- --- -- -- -- --- --- --- -- -- -- --- -- --
TEAM TOTALS       .248    1019     253    14    151     246     8     15    19
                        30     154     48    38     120      8    19      5


[1]NAME               ERA  W  L   PCT   G GS CG SH SV    IP   H   R  ER HR  BB  SO
K.Jansen[4]          1.32  2  2  .500  12  0  0  0  6  13.2  13   3   2  0   4  21
M.Givens[4]          1.35  0  0  ----  15  0  0  0  0  13.1   9   2   2  0   1  13
T.Lyons[4]           2.14  1  0 1.000   8  2  0  0  0  21.0  13   5   5  4   4  22
W.Harris[4]          2.95  2  2  .500  16  0  0  0  0  18.1  13   6   6  5   6  16
T.Wilhelmsen[4]      3.66  0  1  .000  17  0  0  0  1  19.2  20   8   8  2   6  10
J.Verlander[4]       3.86  2  1  .667   4  4  0  0  0  28.0  36  15  12  3   5  22
A.Liberatore[4]      4.15  0  0  ----  14  0  0  0  0   8.2   9   5   4  1   1   5
M.Bumgarner[4]       4.35  2  3  .400   7  7  2  0  0  49.2  50  30  24  8  12  56
A.Desclafani[4]      4.44  2  2  .500   5  5  0  0  0  26.1  27  15  13  3   8  20
S.Kazmir[4]          5.35  2  2  .500   6  6  0  0  0  37.0  39  27  22  4  17  31
M.Wacha[4]           6.07  2  2  .500   6  6  0  0  0  29.2  36  20  20  5   5  23
Y.Petit[4]           ----  0  0  ----   0  0  0  0  0   0.0   0   0   0  0   0   0
W.Perez[4]           ----  0  0  ----   0  0  0  0  0   0.0   0   0   0  0   0   0
N.Martinez[4]        ----  0  0  ----   0  0  0  0  0   0.0   0   0   0  0   0   0
ALL NON-PITCHERS[4]  ----  0  0  ----   0  0  0  0  0   0.0   0   0   0  0   0   0
Team                                          0                   +0
----------------- ---- -- -- ----- --- -- -- -- -- ----- --- --- --- -- --- ---
TEAM TOTALS       4.00    15        30     2     7       265     118     69
                       15     .500     30     0    265.1     136     35     239
[2]
[1]Primary Player Statistics For 2015 Detroit Tigers Totals After 30 Games


[1]NAME              BAVG  GM  AB   R   H 2B 3B HR RBI  BB  SO HB SH DP  SB CS  E
K.Tomlinson[4]       .370  13  46   3  17  3  1  0   7   2   7  0  0  3   0  0  2
C.Gonzalez[4]        .362  26 105  27  38  5  0 15  27   5  25  0  0  4   0  0  2
K.Morales[4]         .357  28 112  20  40 10  1  6  23   7  19  0  0  6   0  0  1
Y.Escobar[4]         .355  28 110  14  39  3  0  4  16   4  13  1  0  4   0  0  0
J.McCann[4]          .342  21  76   8  26  3  2  0  10   4  11  1  0  3   0  0  2
J.Martinez[4]        .303  30 119  28  36  4  0 16  29  14  29  1  0  2   0  0  1
K.Marte[4]           .300  11  40   6  12  2  0  1   6   6   7  0  0  0   1  0  0
J.Marte[4]           .300   4  10   4   3  0  0  1   3   1   1  0  1  0   0  0  1
M.Bourn[4]           .265  15  34   5   9  2  1  0   0   4   6  0  5  0   0  0  1
P.Sandoval[4]        .253  24  91   7  23  2  0  3   9   4  14  3  0  3   0  0  1
B.Revere[4]          .250  29 120  22  30  1  1  0   6  10  14  0  0  1   5  0  0
A.Ellis[4]           .243  14  37   4   9  1  0  1   4   6   7  0  0  1   0  0  0
J.Herrera[4]         .205  11  39   3   8  2  1  0   3   0  11  0  0  3   0  0  1
J.Smolinski[4]       .138   9  29   2   4  2  0  0   3   2   4  0  0  1   0  0  0
D.Solano[4]          .095  13  42   2   4  2  0  0   2   1  10  1  0  1   0  0  2
C.Sanchez[4]         .071  12  42   1   3  1  0  0   0   1  12  0  1  0   0  0  2
M.McKenry[4]         .000   3   2   0   0  0  0  0   0   0   0  1  0  0   0  0  0
ALL PITCHERS[4]      ----  30   0   0   0  0  0  0   0   0   0  0  0  0   0  0  5
----------------- ---- --- --- --- --- -- -- -- --- --- --- -- -- -- --- -- --
TEAM TOTALS       .286    1054     301     7    148     190     7      6    21
                        30     156     43    47      71      8    32      0


[1]NAME               ERA  W  L   PCT   G GS CG SH SV    IP   H   R  ER HR  BB  SO
T.Rosenthal[4]       1.93  2  0 1.000  11  0  0  0  2  18.2  17   4   4  1   4  17
C.Knebel[4]          3.07  1  1  .500  11  0  0  0  0  14.2   9   5   5  2   6  15
A.Torres[4]          3.86  0  3  .000  12  0  0  0  2  18.2  13  10   8  2   9  21
N.Syndergaard[4]     4.79  4  2  .667   6  6  0  0  0  41.1  39  26  22 11  14  50
R.Ray[4]             4.97  0  4  .000   5  5  0  0  0  29.0  38  17  16  8  10  33
J.Masterson[4]       5.22  2  2  .500   5  4  0  0  0  29.1  31  21  17  0  13  25
E.Ramirez[4]         5.93  0  2  .000   5  5  1  0  0  27.1  27  19  18  1  13  16
M.Shoemaker[4]       6.53  2  1  .667   5  5  1  0  0  30.1  34  26  22  9  10  24
M.Foltynewicz[4]     8.10  0  1  .000  15  0  0  0  0  26.2  41  26  24  5  10  12
D.Hale[4]            9.72  0  3  .000   5  5  0  0  0  25.0  41  30  27 12   8  11
R.Betancourt[4]      ----  0  0  ----   0  0  0  0  0   0.0   0   0   0  0   0   0
B.Finnegan[4]        ----  0  0  ----   0  0  0  0  0   0.0   0   0   0  0   0   0
ALL NON-PITCHERS[4]  ----  0  0  ----   0  0  0  0  0   0.0   0   0   0  0   0   0
Team                                          0                   +0
----------------- ---- -- -- ----- --- -- -- -- -- ----- --- --- --- -- --- ---
TEAM TOTALS       5.62    19        30     2     4       290     163     97
                       11     .367     30     0    261.0     184     51     224
[2]
[1]Primary Player Statistics For 2015 Houston Astros Totals After 26 Games


[1]NAME              BAVG  GM  AB   R   H 2B 3B HR RBI  BB  SO HB SH DP  SB CS  E
M.Mahtook[4]         .357  10  14   3   5  0  0  1   2   1   4  1  0  0   2  0  0
M.Holliday[4]        .354  14  48   4  17  6  0  1  12   3  11  2  0  0   0  0  0
L.Forsythe[4]        .302  26  96  15  29  5  0  3  13  12  16  3  0  4   3  3  2
J.Heyward[4]         .299  26  97  13  29  2  1  3  13   8  21  0  0  2   2  2  0
A.Hechavarria[4]     .280  26  93   8  26  5  1  1   6   5  17  0  3  1   1  0  3
C.Headley[4]         .268  20  41   6  11  2  0  2   3   2  12  1  0  2   0  0  0
D.Lemahieu[4]        .266  26 109  15  29  4  0  2  14   8  18  0  0  2   2  0  2
J.Maxwell[4]         .261  21  46   8  12  0  0  3   6   1  14  0  0  0   0  0  0
F.Freeman[4]         .254  23  71  17  18  5  0  8  14  10  20  1  0  3   0  0  0
C.Gomez[4]           .253  25  83  10  21  9  0  1  13   9  20  0  0  2   4  0  2
R.Martin[4]          .241  24  83  12  20  6  0  4  16   7  17  2  0  1   0  0  2
M.Maldonado[4]       .143  11  21   1   3  1  0  0   1   3   9  0  0  0   0  0  0
H.Olivera[4]         .000   1   1   0   0  0  0  0   0   0   0  0  0  0   0  0  0
D.Marrero[4]         .000   3   1   0   0  0  0  0   0   0   0  0  0  0   0  0  0
D.Ceciliani[4]       ----   0   0   0   0  0  0  0   0   0   0  0  0  0   0  0  0
ALL PITCHERS[4]      .079  26  63   5   5  1  0  0   0   1  28  0  6  0   0  0  1
----------------- ---- --- --- --- --- -- -- -- --- --- --- -- -- -- --- -- --
TEAM TOTALS       .260     867     225     2    113     207     9     14    12
                        26     117     46    29      70     10    17      5


[1]NAME               ERA  W  L   PCT   G GS CG SH SV    IP   H   R  ER HR  BB  SO
J.Diaz[4]            0.00  0  0  ----   2  0  0  0  0   0.2   0   0   0  0   0   1
P.Venditte[4]        0.00  0  0  ----   6  0  0  0  0   4.2   2   0   0  0   1   3
J.Papelbon[4]        1.15  2  1  .667  16  0  0  0  6  15.2   8   2   2  1   7  14
D.Duffy[4]           1.69  2  1  .667   6  5  0  0  0  26.2  18   6   5  0  12  27
S.Gray[4]            2.08  3  1  .750   5  5  0  0  0  34.2  24   8   8  1   7  28
K.Jepsen[4]          2.12  2  1  .667  10  0  0  0  0  17.0   7   5   4  0   6  13
J.Benoit[4]          2.37  0  1  .000  15  0  0  0  1  19.0   9   5   5  2   5  16
L.Avilan[4]          3.21  1  0 1.000  11  0  0  0  0  14.0  17   5   5  1   7  11
G.Gonzalez[4]        3.51  2  2  .500   5  5  1  1  0  33.1  32  16  13  1  10  34
B.Anderson[4]        3.77  3  0 1.000   6  6  0  0  0  43.0  41  18  18  6   6  35
L.Lynn[4]            4.44  1  3  .250   5  5  0  0  0  26.1  24  16  13  2  10  21
R.Iglesias[4]        ----  0  0  ----   0  0  0  0  0   0.0   0   0   0  0   0   0
A.Wainwright[4]      ----  0  0  ----   0  0  0  0  0   0.0   0   0   0  0   0   0
J.Garcia[4]          ----  0  0  ----   0  0  0  0  0   0.0   0   0   0  0   0   0
ALL NON-PITCHERS[4]  ----  0  0  ----   0  0  0  0  0   0.0   0   0   0  0   0   0
Team                                          3                   +0
----------------- ---- -- -- ----- --- -- -- -- -- ----- --- --- --- -- --- ---
TEAM TOTALS       2.80    10        26     1     7       182      73     71
                       16     .615     26     4    235.0      81     14     203
[2]
[1]Primary Player Statistics For 2015 Kansas City Royals Totals After 27 Games


[1]NAME              BAVG  GM  AB   R   H 2B 3B HR RBI  BB  SO HB SH DP  SB CS  E
T.Collins[4]         .600   2   5   1   3  1  0  0   0   1   0  0  0  0   0  0  0
D.Travis[4]          .405  11  42   9  17  7  0  2   6   2   3  0  0  3   0  0  0
J.Realmuto[4]        .378  15  45   4  17  7  1  1   6   0   3  1  0  1   2  0  1
F.Lindor[4]          .325  20  77   9  25  3  2  1   7   5  12  0  2  0   2  2  1
M.Rojas[4]           .316  13  38   7  12  1  1  0   6   8   2  0  4  0   0  0  0
M.Sano[4]            .262  16  61  12  16  2  1  6  15   9  21  0  0  2   0  0  0
E.Rosario[4]         .260  27  96   7  25  3  3  1   5   5  31  0  0  1   1  1  0
J.Bour[4]            .256  20  78  11  20  3  0  8  15   7  18  0  0  1   0  0  4
D.Peralta[4]         .253  25  99  11  25  8  1  2  12   4  21  0  0  0   1  0  1
M.Franco[4]          .246  20  65   7  16  3  0  0   4   4   9  2  0  2   0  0  1
J.Schoop[4]          .224  19  67   5  15  7  0  1   8   2  19  0  0  2   0  0  0
E.Inciarte[4]        .214  26 112  16  24  6  2  0   4   5  12  2  0  0   7  2  0
C.Denorfia[4]        .149  17  47   3   7  2  0  0   6   3  13  0  0  0   0  0  0
D.Descalso[4]        .111  11  27   1   3  1  0  0   1   1  11  0  0  0   0  0  0
S.Rodriguez[4]       .106  16  47   3   5  0  0  1   4   0  11  0  0  1   0  0  2
C.Perez[4]           .085  19  47   3   4  1  0  2   4   7  16  0  0  1   0  1  0
ALL PITCHERS[4]      ----  27   0   0   0  0  0  0   0   0   0  0  0  0   0  0  2
----------------- ---- --- --- --- --- -- -- -- --- --- --- -- -- -- --- -- --
TEAM TOTALS       .246     953     234    11    103     202     6     13    12
                        27     109     55    25      63      5    14      6


[1]NAME               ERA  W  L   PCT   G GS CG SH SV    IP   H   R  ER HR  BB  SO
D.Storen[4]          0.00  2  0 1.000  10  0  0  0  2  14.1   6   0   0  0   1  18
J.Gomez[4]           0.89  1  0 1.000   9  0  0  0  0  20.1  16   3   2  1   3  10
M.Lowe[4]            2.45  0  1  .000  10  0  0  0  1  14.2  15   4   4  0   1  11
A.Conley[4]          3.25  1  1  .500   5  5  0  0  0  27.2  30  10  10  1   8  31
C.Heston[4]          3.26  2  1  .667   5  5  1  1  0  30.1  18  13  11  2  12  17
J.Chavez[4]          3.98  2  2  .500   5  5  0  0  0  31.2  29  14  14  4  12  26
B.Shaw[4]            4.34  2  1  .667  11  0  0  0  1  18.2  18   9   9  4   2  20
M.Parra[4]           5.19  1  0 1.000   8  0  0  0  0   8.2  11   5   5  0   4   4
C.Lewis[4]           5.31  1  4  .200   6  6  0  0  0  40.2  48  25  24  4   6  26
A.Wood[4]            5.61  1  3  .250   6  6  0  0  0  33.2  42  21  21  3  12  27
C.Hatcher[4]         8.68  1  0 1.000   7  0  0  0  0   9.1  15   9   9  3   2   4
A.Nola[4]            ----  0  0  ----   0  0  0  0  0   0.0   0   0   0  0   0   0
J.Eickhoff[4]        ----  0  0  ----   0  0  0  0  0   0.0   0   0   0  0   0   0
H.Neris[4]           ----  0  0  ----   0  0  0  0  0   0.0   0   0   0  0   0   0
ALL NON-PITCHERS[4]  ----  0  0  ----   0  0  0  0  0   0.0   0   0   0  0   0   0
Team                                          1                   +0
----------------- ---- -- -- ----- --- -- -- -- -- ----- --- --- --- -- --- ---
TEAM TOTALS       3.92    13        27     1     4       248     109     63
                       14     .519     27     2    250.0     113     22     194
[2]
[1]Primary Player Statistics For 2015 Los Angeles Dodgers Totals After 27 Games


[1]NAME              BAVG  GM  AB   R   H 2B 3B HR RBI  BB  SO HB SH DP  SB CS  E
H.Ramirez[4]         .375   6   8   1   3  1  0  1   2   2   3  0  0  0   0  0  0
N.Markakis[4]        .333  27 108  21  36 10  1  1   9  12  24  2  0  0   1  0  0
M.Moustakas[4]       .314  26  86  15  27  5  0  6  18   7  12  5  0  1   0  2  0
M.Semien[4]          .293  27  92  12  27  2  0  3  17  15  31  0  0  1   2  0  6
L.Duda[4]            .292  27  89  18  26  9  0  3  12  15  31  3  0  2   0  0  0
J.Giavotella[4]      .283  16  60   7  17  4  0  0  11   5  11  0  1  0   0  1  2
C.Yelich[4]          .282  27  85  14  24  4  0  2  12  13  21  0  0  1   2  0  0
M.Ozuna[4]           .247  22  81   7  20  5  0  1   8   9  17  0  0  2   1  1  0
P.Kozma[4]           .222  14  18   3   4  0  0  0   0   1   4  1  1  1   0  0  0
B.Zobrist[4]         .218  24  78  13  17  3  1  2   3  10   7  0  0  4   0  1  3
C.Gillespie[4]       .200  15  30   3   6  4  0  0   1   1   9  0  0  1   0  0  0
R.Chirinos[4]        .188  16  48   6   9  3  0  3  10   6  10  1  0  0   0  0  1
P.Bourjos[4]         .182  13  22   2   4  2  0  0   0   1   7  1  2  0   0  0  0
J.Castro[4]          .148  18  61   8   9  1  0  4  10   4  17  0  0  2   0  0  0
T.La Stella[4]       .143   6   7   1   1  0  0  0   1   2   1  0  0  0   0  0  0
J.Montero[4]         .105  13  19   1   2  1  0  0   2   1  12  0  0  0   0  0  0
ALL PITCHERS[4]      .091  27  55   2   5  1  0  0   3   3  21  0  1  0   0  0  2
----------------- ---- --- --- --- --- -- -- -- --- --- --- -- -- -- --- -- --
TEAM TOTALS       .250     947     237     2    119     238     5      6    14
                        27     134     55    26     107     13    15      5


[1]NAME               ERA  W  L   PCT   G GS CG SH SV    IP   H   R  ER HR  BB  SO
W.Miley[4]           2.68  2  1  .667   8  7  0  0  1  47.0  38  18  14  2  14  34
G.Kontos[4]          3.20  1  2  .333  16  0  0  0  1  19.2  20   8   7  3   2   9
C.Carrasco[4]        3.96  2  1  .667   7  6  0  0  1  36.1  34  16  16  4   6  51
H.Rondon[4]          4.05  0  2  .000  13  0  0  0  4  13.1  15   6   6  2   5  14
A.Caminero[4]        4.18  2  1  .667  17  0  0  0  2  23.2  23  11  11  3  14  25
S.Wright[4]          4.82  1  0 1.000   7  3  0  0  0  18.2  22  10  10  3   7  13
J.Happ[4]            6.26  2  1  .667   6  5  0  0  0  23.0  25  16  16  2  10  19
Y.Ventura[4]         6.52  1  3  .250   6  5  0  0  0  29.0  44  23  21  9  10  28
V.Velasquez[4]       7.13  1  1  .500  11  1  0  0  0  17.2  21  14  14  2   7  21
J.Osich[4]           7.56  0  1  .000  13  0  0  0  0   8.1  14   7   7  3   8   9
J.Jeffress[4]        7.59  2  0 1.000  17  0  0  0  0  10.2  14  11   9  2   6   7
D.Hutchison[4]       ----  0  0  ----   0  0  0  0  0   0.0   0   0   0  0   0   0
J.Axford[4]          ----  0  0  ----   0  0  0  0  0   0.0   0   0   0  0   0   0
F.Doubront[4]        ----  0  0  ----   0  0  0  0  0   0.0   0   0   0  0   0   0
ALL NON-PITCHERS[4]  ----  0  0  ----   0  0  0  0  0   0.0   0   0   0  0   0   0
Team                                          2                   +0
----------------- ---- -- -- ----- --- -- -- -- -- ----- --- --- --- -- --- ---
TEAM TOTALS       4.77    13        27     0     9       270     131     89
                       14     .519     27     2    247.1     140     35     230
[2]
[1]Primary Player Statistics For 2015 Miami Marlins Totals After 27 Games


[1]NAME              BAVG  GM  AB   R   H 2B 3B HR RBI  BB  SO HB SH DP  SB CS  E
D.Sweeney[4]         .333   6   9   0   3  0  0  0   2   0   2  0  0  0   0  0  0
S.Clevenger[4]       .333   2   3   1   1  1  0  0   0   1   0  0  0  0   0  0  0
E.Suarez[4]          .289  15  45   4  13  2  0  1   5   1   9  1  0  3   0  0  3
J.Votto[4]           .286  27  91  12  26  2  1  1   4  23  17  1  0  2   0  2  2
C.Corporan[4]        .269  19  52   4  14  4  0  1   6   2  18  0  0  1   0  0  2
Y.Tomas[4]           .265   9  34   3   9  0  4  0   2   1   6  0  0  1   0  0  0
N.Franklin[4]        .263  11  38   5  10  3  0  0   0   1  11  0  0  1   0  0  2
T.Hunter[4]          .261  27 111   8  29  4  0  6  17   7  24  1  0  2   1  1  1
J.Ramirez[4]         .258  21  66   5  17  6  1  1   3  13  10  1  0  2   0  0  2
C.Correa[4]          .244  21  82  11  20  2  0  6  11   9  22  0  0  0   2  0  4
D.Ackley[4]          .231  15  52   4  12  5  1  0   3   4  10  0  0  1   1  0  0
S.Victorino[4]       .211  12  38   2   8  0  0  0   2   0  10  1  0  0   1  0  0
R.Grichuk[4]         .206  22  68   9  14  5  0  3   4   3  25  1  0  2   0  0  1
W.Flores[4]          .192  21  52   5  10  1  0  4   4   1   9  0  0  2   0  0  1
A.Guerrero[4]        .170  12  47   3   8  1  0  2   5   2  14  0  0  4   0  0  3
J.Gallo[4]           .158  11  38   4   6  1  1  4   8   2  24  0  0  0   0  0  0
T.Barnhart[4]        .157  16  51   3   8  2  0  1   1   5   8  0  0  5   0  0  0
ALL PITCHERS[4]      .148  27  61   2   9  1  0  0   3   0  26  0  6  0   0  0  5
----------------- ---- --- --- --- --- -- -- -- --- --- --- -- -- -- --- -- --
TEAM TOTALS       .231     938     217     8     80     245     6      5    26
                        27      85     40    30      75      6    26      3


[1]NAME               ERA  W  L   PCT   G GS CG SH SV    IP   H   R  ER HR  BB  SO
S.Cishek[4]          0.69  0  0  ----   7  0  0  0  0  13.0  11   3   1  1   4  12
N.Cotts[4]           1.29  1  0 1.000  10  0  0  0  0  14.0   4   2   2  1   4  14
J.Familia[4]         2.08  0  1  .000  10  0  0  0  7  17.1  11   4   4  1   6  13
S.Romo[4]            2.19  2  0 1.000  11  0  0  0  2  12.1  11   3   3  0   7  11
W.Chen[4]            2.97  2  3  .400   6  6  1  0  0  39.1  43  16  13  5  10  35
B.Morris[4]          3.18  0  0  ----  11  0  0  0  0  17.0  17   9   6  0   6   9
C.Wilson[4]          3.46  0  1  .000   4  4  0  0  0  26.0  19  10  10  1   8  21
A.Warren[4]          4.22  1  3  .250   7  2  0  0  0  21.1  24  12  10  3   7  17
J.De La Rosa[4]      5.40  2  1  .667   4  4  0  0  0  25.0  27  15  15  1  17  18
R.Vogelsong[4]       6.23  1  1  .500   4  4  0  0  0  17.1  20  12  12  4  12  21
D.Jennings[4]        6.92  1  0 1.000   8  0  0  0  1  13.0  19  13  10  0   3   9
J.Teheran[4]        10.86  1  6  .143   7  7  0  0  0  29.0  44  36  35  8  19  26
N.Tropeano[4]        ----  0  0  ----   0  0  0  0  0   0.0   0   0   0  0   0   0
ALL NON-PITCHERS[4]  ----  0  0  ----   0  0  0  0  0   0.0   0   0   0  0   0   0
Team                                          1                   +0
----------------- ---- -- -- ----- --- -- -- -- -- ----- --- --- --- -- --- ---
TEAM TOTALS       4.45    16        27     1    10       250     121    103
                       11     .407     27     1    244.2     135     25     206
[2]
[1]Primary Player Statistics For 2015 Milwaukee Brewers Totals After 30 Games


[1]NAME              BAVG  GM  AB   R   H 2B 3B HR RBI  BB  SO HB SH DP  SB CS  E
A.Pagan[4]           .372  26  94  14  35  5  0  0   5   7  10  0  0  2   3  0  1
J.Rogers[4]          .351  11  37   7  13  2  0  1   5   4   6  1  0  2   0  0  0
C.Cron[4]            .321  22  81  14  26  3  0  6  16   2  14  3  0  4   2  0  5
J.Reyes[4]           .319  24  94  10  30  4  1  2  13   9  12  0  0  2   4  0  4
G.Garcia[4]          .300   5  10   1   3  1  0  0   2   4   0  0  0  0   0  0  0
A.Hill[4]            .276  21  58  13  16  5  0  2   6   8  12  1  0  1   3  0  2
S.Drew[4]            .262  24  84  12  22  6  0  6  21   7  10  0  0  1   0  0  2
C.Seager[4]          .259   8  27   4   7  0  0  1   4   2   3  0  0  1   0  0  3
W.Castillo[4]        .253  23  83  12  21  2  0  5  14   9  24  1  0  2   0  0  0
H.Conger[4]          .250  23  48   9  12  0  0  8  15   8  16  0  0  3   0  0  0
T.Snider[4]          .240   8  25   3   6  1  0  1   5   2   7  0  0  1   0  0  0
M.Den Dekker[4]      .235  19  34   4   8  2  1  1   5   6   4  0  0  0   0  0  1
J.Pederson[4]        .216  20  74  10  16  4  1  0   4  10  23  1  1  1   1  0  1
J.Werth[4]           .205  24  83  11  17  3  1  3   9  11  17  2  0  2   0  0  0
A.Rendon[4]          .178  21  73   9  13  2  0  0   7  13  19  0  0  2   1  1  1
M.Conforto[4]        .159  15  44   3   7  3  0  1   2   9  11  0  0  1   0  0  1
ALL PITCHERS[4]      .145  30  62   5   9  3  0  0   2   3  28  0 13  1   0  0  0
----------------- ---- --- --- --- --- -- -- -- --- --- --- -- -- -- --- -- --
TEAM TOTALS       .258    1011     261     4    135     216    14     14    21
                        30     141     46    37     114      9    26      1


[1]NAME               ERA  W  L   PCT   G GS CG SH SV    IP   H   R  ER HR  BB  SO
B.Maurer[4]          1.38  1  0 1.000   8  0  0  0  0  13.0  11   2   2  1   2   8
K.Kela[4]            2.08  0  0  ----  12  0  0  0  2  17.1  12   6   4  2   4  19
C.Villanueva[4]      2.16  1  0 1.000   9  0  0  0  0  16.2  11   8   4  3   2  18
G.Perkins[4]         2.84  0  1  .000  10  0  0  0  3  12.2  13   5   4  1   7  12
J.Degrom[4]          3.58  3  3  .500   6  6  0  0  0  37.2  33  16  15  3   7  43
C.Sabathia[4]        3.92  3  2  .600   6  6  1  1  0  39.0  47  18  17  4   8  32
J.Williams[4]        4.38  1  2  .333  10  2  0  0  1  24.2  28  13  12  3  10  16
C.Anderson[4]        4.68  2  1  .667   4  4  0  0  0  25.0  27  14  13  5   7   7
K.Quackenbush[4]     4.73  0  0  ----  10  0  0  0  0  13.1  10   7   7  0   7  14
C.Ramos[4]           5.11  0  2  .000  11  0  0  0  0  12.1  19   7   7  0   6  12
A.Webster[4]         5.79  0  1  .000   1  1  0  0  0   4.2   7   3   3  1   3   3
J.Paxton[4]          6.75  0  1  .000   1  1  0  0  0   4.0   6   3   3  0   2   6
C.Rusin[4]           7.89  1  1  .500   4  4  1  0  0  21.2  30  20  19  7  10  15
J.Lamb[4]            8.28  1  3  .250   6  6  0  0  0  25.0  44  24  23  7  22  30
ALL NON-PITCHERS[4]  ----  0  0  ----   0  0  0  0  0   0.0   0   0   0  0   0   0
Team                                          3                   +0
----------------- ---- -- -- ----- --- -- -- -- -- ----- --- --- --- -- --- ---
TEAM TOTALS       4.48    17        30     2     6       298     133     97
                       13     .433     30     4    267.0     146     37     235
[2]
[1]Primary Player Statistics For 2015 Minnesota Twins Totals After 30 Games


[1]NAME              BAVG  GM  AB   R   H 2B 3B HR RBI  BB  SO HB SH DP  SB CS  E
F.Cervelli[4]        .363  26  91  13  33  4  1  1  14   8  20  1  0  1   1  0  1
A.Beltre[4]          .346  25  81  11  28  6  0  4  17   8  10  2  0  2   1  0  5
R.Braun[4]           .311  29 106  21  33  9  0  2  13  15  16  2  0  5   1  0  0
B.Belt[4]            .309  26 110  15  34  8  1  3  20   7  39  0  0  3   0  0  1
B.Phillips[4]        .287  28 122  15  35  6  1  2  11   3  17  0  0  2   1  0  1
C.Gimenez[4]         .286  11  28   6   8  1  1  2   6   2   9  0  0  0   0  0  0
M.Byrd[4]            .258  26  93  15  24  6  0  4  16   7  24  1  0  2   0  0  0
J.Rollins[4]         .257  27 101  12  26  7  2  2  14   5  17  0  0  2   3  0  4
G.Parra[4]           .250  27 104   7  26  6  2  0   6   3  25  1  2  3   2  0  0
E.Sogard[4]          .242  19  62   9  15  3  0  0   4   4  12  0  0  1   2  0  2
K.Calhoun[4]         .224  29 107  14  24  4  0  3  12  13  28  2  0  1   0  0  0
N.Aoki[4]            .217  15  60   8  13  2  0  1   8   5   7  0  0  2   1  0  0
E.Gattis[4]          .000   4   8   0   0  0  0  0   0   1   2  0  0  0   0  0  0
B.Paulsen[4]         ----   0   0   0   0  0  0  0   0   0   0  0  0  0   0  0  0
J.Butler[4]          ----   0   0   0   0  0  0  0   0   0   0  0  0  0   0  0  0
ALL PITCHERS[4]      ----  30   0   0   0  0  0  0   0   0   0  0  0  0   0  0  4
----------------- ---- --- --- --- --- -- -- -- --- --- --- -- -- -- --- -- --
TEAM TOTALS       .279    1073     299     8    141     226     2     12    18
                        30     146     62    24      81      9    24      0


[1]NAME               ERA  W  L   PCT   G GS CG SH SV    IP   H   R  ER HR  BB  SO
B.Schultz[4]         0.71  0  0  ----   6  0  0  0  2  12.2   9   2   1  0   3  14
J.Howell[4]          0.87  0  0  ----  10  0  0  0  3  10.1  10   2   1  0   4   4
Z.Greinke[4]         1.41  5  1  .833   6  6  3  1  0  51.0  30   8   8  5  11  39
D.Price[4]           2.03  4  2  .667   7  7  2  2  0  48.2  38  11  11  5  10  48
M.Estrada[4]         2.18  4  1  .800   6  6  1  1  0  45.1  27  16  11  3  17  31
F.Rodriguez[4]       2.25  0  0  ----   3  0  0  0  1   8.0   6   3   2  2   1  10
J.Miller[4]          2.45  2  1  .667   7  0  0  0  1   7.1   3   2   2  0   4   9
O.Despaigne[4]       3.09  0  1  .000   2  2  0  0  0  11.2  14   4   4  1   1   5
R.Weber[4]           3.44  0  2  .000   2  2  1  0  0  18.1  16   8   7  0   2  10
C.Qualls[4]          3.60  0  0  ----   6  0  0  0  0  10.0   9   4   4  3   1   3
A.Colome[4]          4.91  1  1  .500   3  3  1  1  0  22.0  21  13  12  3   6  15
T.Jungmann[4]        6.04  2  2  .500   4  4  0  0  0  22.1  30  17  15  2  13  19
G.Holland[4]         9.00  0  1  .000   8  0  0  0  0   7.0  10   7   7  0   9   9
ALL NON-PITCHERS[4]  ----  0  0  ----   0  0  0  0  0   0.0   0   0   0  0   0   0
Team                                          1                   +0
----------------- ---- -- -- ----- --- -- -- -- -- ----- --- --- --- -- --- ---
TEAM TOTALS       2.79    12        30     8     7       223      85     82
                       18     .600     30     6    274.2      97     24     216
[2]
[1]Primary Player Statistics For 2015 New York Yankees Totals After 28 Games


[1]NAME              BAVG  GM  AB   R   H 2B 3B HR RBI  BB  SO HB SH DP  SB CS  E
K.Vargas[4]          .600   3   5   1   3  0  0  1   1   1   0  0  0  0   0  0  0
E.Hernandez[4]       .313   9  32   7  10  1  0  1   5   3   9  0  0  1   0  0  2
M.Trout[4]           .311  28 106  26  33  5  1 11  26  12  31  0  0  1   2  0  0
A.Avila[4]           .308  15  39   5  12  2  0  2   8  10  15  0  0  0   1  0  1
A.Simmons[4]         .305  27 105  11  32  4  1  1   9   5  19  2  0  1   0  0  1
A.Lind[4]            .276  26  98  16  27  5  0  7  15   9  19  0  0  3   0  0  0
C.Gillaspie[4]       .273  15  55   6  15  2  0  3   9   2  13  0  0  1   0  0  3
M.Trumbo[4]          .271  26 107  21  29  5  0 11  20   8  29  0  0  7   0  0  3
J.Paredes[4]         .267   4  15   1   4  0  0  1   2   0   4  0  0  0   0  0  2
G.Springer[4]        .260  22  73  14  19  5  0  4   8  14  21  2  0  2   1  0  0
C.Maybin[4]          .250  26  92  18  23  2  1  3   8   7  19  0  0  4   5  0  0
A.Rosales[4]         .231   8  26   2   6  1  0  1   3   2  10  0  0  0   0  0  0
J.Parker[4]          .222   4   9   3   2  0  0  1   3   2   3  0  0  1   0  1  0
S.Gennett[4]         .210  21  81   4  17  3  0  2  11   4  23  1  0  1   0  0  1
D.Dejesus[4]         .203  17  59   5  12  2  1  2   8   1  12  0  0  1   0  0  0
C.Adames[4]          .167   2   6   0   1  0  0  0   0   0   1  0  0  0   0  0  1
R.Lavarnway[4]       .125   3   8   1   1  0  0  1   1   0   3  0  0  0   0  0  0
W.Rosario[4]         .106  15  47   4   5  0  0  1   3   2  12  0  0  0   0  0  2
ALL PITCHERS[4]      ----  28   0   0   0  0  0  0   0   0   0  0  0  0   0  0  2
----------------- ---- --- --- --- --- -- -- -- --- --- --- -- -- -- --- -- --
TEAM TOTALS       .261     963     251     4    140     243     0      9    18
                        28     145     37    53      82      5    23      1


[1]NAME               ERA  W  L   PCT   G GS CG SH SV    IP   H   R  ER HR  BB  SO
Z.Britton[4]         0.79  0  1  .000   8  0  0  0  6  11.1   6   2   1  1   1  14
J.Arrieta[4]         1.55  5  1  .833   6  6  4  2  0  52.1  31   9   9  3   8  66
S.Miller[4]          2.72  2  2  .500   6  6  2  2  0  43.0  40  16  13  7  12  40
C.Smith[4]           2.84  0  1  .000   7  0  0  0  0  12.2  13   4   4  1   5  16
K.Hendricks[4]       2.97  2  2  .500   6  6  0  0  0  33.1  30  11  11  3   8  31
S.Dyson[4]           3.27  1  1  .500   8  0  0  0  0  11.0   8   5   4  0   4  10
J.Samardzija[4]      4.03  4  1  .800   6  6  1  0  0  38.0  38  17  17  5  13  32
J.Hellickson[4]      4.73  3  1  .750   4  4  0  0  0  26.2  24  14  14  4   7  15
M.Belisle[4]         5.06  0  0  ----   5  0  0  0  0   5.1   6   6   3  0   6   5
R.Hernandez[4]       5.87  1  0 1.000   9  0  0  0  2  15.1  19  10  10  3   4  10
M.Socolovich[4]      ----  0  0  ----   0  0  0  0  0   0.0   0   0   0  0   0   0
I.Nova[4]            ----  0  0  ----   0  0  0  0  0   0.0   0   0   0  0   0   0
ALL NON-PITCHERS[4]  ----  0  0  ----   0  0  0  0  0   0.0   0   0   0  0   0   0
Team                                          1                   +0
----------------- ---- -- -- ----- --- -- -- -- -- ----- --- --- --- -- --- ---
TEAM TOTALS       3.11    10        28     7     8       215      86     68
                       18     .643     28     5    249.0      94     27     239
[2]
[1]Primary Player Statistics For 2015 Oakland Athletics Totals After 27 Games


[1]NAME              BAVG  GM  AB   R   H 2B 3B HR RBI  BB  SO HB SH DP  SB CS  E
C.Bethancourt[4]     .333   7  12   0   4  1  0  0   2   0   1  0  0  0   0  1  1
D.Wright[4]          .304  12  46   3  14  2  0  0   2   4   9  0  0  1   0  0  0
N.Ahmed[4]           .275  22  80  10  22  7  1  3  10   3  13  0  0  1   1  1  4
J.Shuck[4]           .245  16  49   4  12  2  1  0   2   9   4  0  0  1   0  0  0
R.Perez[4]           .244  15  45   7  11  2  0  1   3   9  14  1  0  0   0  0  0
J.Peterson[4]        .236  25  89  11  21  5  0  1  14   4  23  0  0  0   0  0  1
J.Soler[4]           .229  19  70   5  16  3  0  1   6   2  22  1  0  3   0  0  1
D.Jennings[4]        .224  13  49   3  11  1  0  1   3   1   8  1  0  0   2  0  0
J.Sands[4]           .224  14  49   8  11  3  0  0   4   4  18  0  0  0   0  0  1
J.Mauer[4]           .222  27 108   9  24  6  1  1   7   5  17  0  0  4   0  0  3
M.Duffy[4]           .204  27 103  11  21  4  0  3  13   7  22  1  0  6   1  0  7
C.Spangenberg[4]     .197  16  66   7  13  1  0  1   8   3  15  0  1  0   0  1  1
J.Phegley[4]         .194  12  31   2   6  1  1  0   3   2   7  1  0  2   0  0  0
J.Lowrie[4]          .176  17  51   5   9  3  0  2   6   5  11  0  0  0   1  0  0
D.Santana[4]         .167  15  48   5   8  1  0  2   2   6  20  1  0  0   1  0  0
A.Duvall[4]          .105   9  19   3   2  0  0  1   2   0   7  2  0  0   0  0  0
ALL PITCHERS[4]      ----  27   0   0   0  0  0  0   0   0   0  0  0  0   0  0  1
----------------- ---- --- --- --- --- -- -- -- --- --- --- -- -- -- --- -- --
TEAM TOTALS       .224     915     205     4     87     211     1      6    20
                        27      93     42    17      64      8    18      3


[1]NAME               ERA  W  L   PCT   G GS CG SH SV    IP   H   R  ER HR  BB  SO
R.Pressly[4]         1.74  0  0  ----  14  0  0  0  0  10.1  13   4   2  0   2   4
T.Thornburg[4]       2.08  0  0  ----  13  0  0  0  0   8.2   8   2   2  2   1   6
Y.Garcia[4]          3.29  2  1  .667  14  0  0  0  1  13.2  12   5   5  1   4  17
K.Herrera[4]         4.05  0  0  ----  18  0  0  0  2  13.1  18   7   6  0   2   9
W.Smith[4]           4.29  1  2  .333  17  0  0  0  0  21.0  20  10  10  2  15  24
S.Greene[4]          5.20  0  2  .000  10  3  0  0  0  27.2  32  23  16  4  11  16
B.Hand[4]            6.00  0  2  .000   5  3  0  0  0  18.0  24  12  12  2   3  16
V.Nuno[4]            6.43  0  4  .000   9  4  0  0  0  28.0  32  23  20  5  11  21
A.Simon[4]           6.59  1  5  .167   7  7  1  0  0  41.0  56  36  30  9  14  22
K.Graveman[4]        7.00  1  1  .500   4  4  0  0  0  18.0  22  15  14  3   6  14
R.Porcello[4]        8.90  2  3  .400   7  6  0  0  0  29.1  43  30  29  6  11  28
J.Gray[4]            ----  0  0  ----   0  0  0  0  0   0.0   0   0   0  0   0   0
M.Boyd[4]            ----  0  0  ----   0  0  0  0  0   0.0   0   0   0  0   0   0
D.Buchanan[4]        ----  0  0  ----   0  0  0  0  0   0.0   0   0   0  0   0   0
ALL NON-PITCHERS[4]  ----  0  0  ----   0  0  0  0  0   0.0   0   0   0  0   0   0
Team                                          0                   +0
----------------- ---- -- -- ----- --- -- -- -- -- ----- --- --- --- -- --- ---
TEAM TOTALS       5.74    20        27     1     3       280     146     80
                        7     .259     27     0    229.0     167     34     177
[2]
[1]Primary Player Statistics For 2015 Philadelphia Phillies Totals After 30 Games


[1]NAME              BAVG  GM  AB   R   H 2B 3B HR RBI  BB  SO HB SH DP  SB CS  E
I.Kinsler[4]         .327  30 113  13  37 11  1  2  17  10  11  0  0  2   2  0  2
B.Wilson[4]          .313   7  16   4   5  1  0  0   1   0   4  0  0  0   0  0  0
F.Galvis[4]          .295  29 105  11  31  3  2  1  11   9  22  0  0  2   1  0  5
J.Saltalamacchia[4]  .292  25  48   3  14  6  0  3   7   5  14  0  0  0   0  0  1
J.Loney[4]           .250  20  72   4  18  5  0  1   6   0   7  0  0  4   1  1  0
M.Cabrera[4]         .250  29 104  12  26  8  0  2  10   6  18  0  0  2   0  0  0
J.Upton[4]           .241  27  83  13  20  2  0  2   9  12  25  0  0  1   0  2  1
Y.Solarte[4]         .224  24  76   8  17  4  2  2  10   5   6  2  0  4   1  0  1
J.Jay[4]             .222  10  18   0   4  0  0  0   0   0   4  2  0  0   0  0  0
R.Zimmerman[4]       .219  25  64   7  14  1  1  4  11   6  18  0  0  5   1  0  0
D.Fowler[4]          .211  29 109  14  23  6  0  3  14  22  23  0  0  2   8  2  0
J.Elmore[4]          .200   4   5   0   1  0  0  0   0   0   0  0  0  0   0  0  0
J.Mathis[4]          .125   9  24   3   3  2  0  1   2   3   9  0  0  2   0  0  1
S.Leon[4]            .115  13  26   0   3  0  0  0   0   3   5  0  0  1   0  0  1
T.Saladino[4]        .091  20  44   3   4  1  0  0   1   6   7  2  0  4   1  0  1
S.Van Slyke[4]       .089  16  45   4   4  1  0  0   1   6  10  0  0  0   1  0  1
ALL PITCHERS[4]      .067  30  60   7   4  0  0  0   1   6  26  0  6  0   0  0  1
----------------- ---- --- --- --- --- -- -- -- --- --- --- -- -- -- --- -- --
TEAM TOTALS       .225    1012     228     6    101     209     6     16    15
                        30     106     51    21      99      6    29      5


[1]NAME               ERA  W  L   PCT   G GS CG SH SV    IP   H   R  ER HR  BB  SO
E.Santana[4]         0.64  2  0 1.000   5  5  0  0  0  28.0  16   2   2  1   3  23
K.Uehara[4]          0.96  0  0  ----  11  0  0  0  4   9.1   5   2   1  0   2  10
X.Cedeno[4]          1.04  1  1  .500   8  0  0  0  0   8.2   5   1   1  1   3   9
J.Lester[4]          1.12  3  1  .750   6  6  1  1  0  48.1  34   6   6  3   8  50
C.Fien[4]            2.57  0  2  .000  11  0  0  0  0  14.0  13   6   4  4   5   9
A.Ramos[4]           3.32  0  2  .000  14  0  0  0  0  19.0  13   7   7  2   4  20
C.Kershaw[4]         3.38  4  2  .667   6  6  1  0  0  40.0  30  17  15  6  12  47
J.Wilson[4]          3.68  1  0 1.000  15  0  0  0  0  14.2  16   8   6  2   5  11
L.Hochevar[4]        3.86  2  1  .667  10  0  0  0  0   9.1   7   4   4  1   4  12
C.McHugh[4]          3.93  1  2  .333   6  6  0  0  0  36.2  41  16  16  2  14  31
M.Fiers[4]           4.95  0  5  .000   7  7  0  0  0  40.0  42  22  22  5  13  34
S.Freeman[4]         ----  0  0  ----   0  0  0  0  0   0.0   0   0   0  0   0   0
J.Nicasio[4]         ----  0  0  ----   0  0  0  0  0   0.0   0   0   0  0   0   0
Z.Davies[4]          ----  0  0  ----   0  0  0  0  0   0.0   0   0   0  0   0   0
ALL NON-PITCHERS[4]  ----  0  0  ----   0  0  0  0  0   0.0   0   0   0  0   0   0
Team                                          3                   +0
----------------- ---- -- -- ----- --- -- -- -- -- ----- --- --- --- -- --- ---
TEAM TOTALS       2.82    16        30     2     4       222      84     73
                       14     .467     30     4    268.0      91     27     256
[2]
[1]Primary Player Statistics For 2015 Pittsburgh Pirates Totals After 31 Games


[1]NAME              BAVG  GM  AB   R   H 2B 3B HR RBI  BB  SO HB SH DP  SB CS  E
K.Blanks[4]          .429   6  21   4   9  3  0  0   3   2   3  0  0  0   1  0  1
D.Gordon[4]          .371  29 132  19  49  6  1  2  13   4  10  0  2  1  11  1  1
A.Pierzynski[4]      .357  28  84  11  30  8  1  2   7   6   9  3  0  1   0  0  0
G.Sizemore[4]        .281  18  57   5  16  3  0  0   2   7  11  1  0  3   1  1  2
D.Espinosa[4]        .263  26  76   7  20  3  0  2   9   8  26  4  1  0   0  2  1
J.Segura[4]          .254  31 118  12  30  1  2  2  16   4  16  3  0  3   2  0  5
Y.Gomes[4]           .232  26  56   3  13  3  0  0   1   2  19  0  0  4   0  0  1
D.Dietrich[4]        .230  19  61   6  14  4  1  0   7   2  15  1  0  2   0  0  1
A.Gose[4]            .219  28  96   9  21  4  1  1  10  11  33  0  5  0   5  0  0
M.Teixeira[4]        .211  25  71  10  15  1  0  6  17   9  12  0  0  4   0  0  0
C.Beltran[4]         .210  27 100  10  21  3  0  2   8   6  24  0  0  6   0  0  2
K.Johnson[4]         .182   3  11   0   2  0  0  0   0   1   3  0  0  0   0  0  1
M.Taylor[4]          .176  26  91   9  16  0  1  2   7   8  32  0  1  3   1  1  3
G.Urshela[4]         .161  16  56   5   9  4  1  1   4   2   8  1  0  3   0  0  0
B.Buxton[4]          .000   3   2   0   0  0  0  0   0   0   1  0  0  0   0  0  0
ALL PITCHERS[4]      .181  31  72   7  13  1  0  1   7   0  26  0  7  2   0  0  5
----------------- ---- --- --- --- --- -- -- -- --- --- --- -- -- -- --- -- --
TEAM TOTALS       .252    1104     278     8    111     248    16     21    23
                        31     117     44    21      72     13    32      5


[1]NAME               ERA  W  L   PCT   G GS CG SH SV    IP   H   R  ER HR  BB  SO
K.Siegrist[4]        0.75  1  0 1.000  15  0  0  0  2  24.0  11   7   2  2  15  28
A.Heaney[4]          1.13  2  0 1.000   2  2  1  1  0  16.0  11   2   2  0   4  10
C.Anderson[4]        1.69  1  1  .500   6  6  1  1  0  42.2  33  11   8  0   9  41
A.Bastardo[4]        2.08  2  2  .500  15  0  0  0  7  17.1  11   4   4  1  10  22
C.Gonzalez[4]        2.20  3  0 1.000   5  4  1  1  0  28.2  16   9   7  1  18  16
C.Bassitt[4]         2.63  2  1  .667  12  1  0  0  0  24.0  21  11   7  3  13  14
B.Ellington[4]       2.93  2  1  .667  12  0  0  0  0  15.1  13   6   5  1  11   8
A.Burnett[4]         3.93  2  2  .500   6  6  0  0  0  36.2  36  21  16  3  11  34
B.Colon[4]           4.41  1  2  .333   5  5  0  0  0  32.2  43  16  16  4   4  30
L.Garcia[4]          5.30  1  1  .500  14  0  0  0  1  18.2  21  11  11  0   9  14
D.Norris[4]          5.40  0  0  ----   2  1  0  0  1   8.1   8   5   5  4   2   7
A.Sanchez[4]         6.66  1  3  .250   6  6  0  0  0  25.2  27  20  19  5  13  23
B.Morrow[4]          ----  0  0  ----   0  0  0  0  0   0.0   0   0   0  0   0   0
N.Feliz[4]           ----  0  0  ----   0  0  0  0  0   0.0   0   0   0  0   0   0
ALL NON-PITCHERS[4]  ----  0  0  ----   0  0  0  0  0   0.0   0   0   0  0   0   0
Team                                          0                   +0
----------------- ---- -- -- ----- --- -- -- -- -- ----- --- --- --- -- --- ---
TEAM TOTALS       3.17    13        31     3    11       251     102    119
                       18     .581     31     3    290.0     123     24     247
[2]
[1]Primary Player Statistics For 2015 San Diego Padres Totals After 30 Games


[1]NAME              BAVG  GM  AB   R   H 2B 3B HR RBI  BB  SO HB SH DP  SB CS  E
B.Wallace[4]         .429   6  21   1   9  3  0  1   5   1   6  0  0  1   0  0  0
H.Pence[4]           .341  15  41   7  14  3  1  2   7   2   7  0  0  0   0  0  1
J.Peralta[4]         .320  28 100  14  32  6  1  2  14   9  22  2  0  5   0  0  3
D.Deshields[4]       .311  18  74  12  23  4  2  0   5   9  15  1  1  0   6  1  3
A.McCutchen[4]       .307  30 114  21  35  5  1  4  14  20  27  0  0  1   3  0  0
N.Walker[4]          .305  27 105  10  32  2  0  4  16  10  13  1  0  2   1  0  0
C.Colon[4]           .304  11  23   4   7  1  0  0   3   3   6  0  0  0   2  0  1
A.Amarista[4]        .286   3   7   0   2  0  0  0   1   0   2  0  0  0   0  0  1
J.Donaldson[4]       .286  29 112  24  32  4  2  8  21  15  32  0  1  2   2  0  1
E.Encarnacion[4]     .286  25 105  17  30  2  0  6  21   7  27  0  0  1   0  1  2
S.Fuld[4]            .267  24  45   6  12  4  1  1   7   1  15  2  0  0   1  0  0
J.Pacheco[4]         .200   2   5   1   1  1  0  0   0   0   0  0  0  0   0  0  0
C.Parmelee[4]        .188  14  16   1   3  0  1  0   3   2   4  0  0  0   0  0  0
M.Montero[4]         .187  23  75   6  14  1  0  4  11   9  25  1  0  4   1  0  1
J.Bautista[4]        .117  30 111  16  13  3  0  4   9  16  28  1  0  7   1  0  1
M.Zunino[4]          .048  17  42   2   2  0  0  1   2   1  22  0  0  3   0  0  1
ALL PITCHERS[4]      .151  30  73   4  11  2  1  0   3   1  24  0  5  2   0  0  0
----------------- ---- --- --- --- --- -- -- -- --- --- --- -- -- -- --- -- --
TEAM TOTALS       .254    1069     272    10    142     275     7     17    15
                        30     146     41    37     106      8    28      2


[1]NAME               ERA  W  L   PCT   G GS CG SH SV    IP   H   R  ER HR  BB  SO
A.Chapman[4]         0.92  1  0 1.000  12  0  0  0  6  19.2  18   3   2  0   7  24
J.Peavy[4]           1.15  3  1  .750   5  5  0  0  0  31.1  19   4   4  0   9  27
J.Odorizzi[4]        1.29  3  0 1.000   3  3  0  0  0  21.0  16   3   3  1   7  22
P.Neshek[4]          1.76  2  0 1.000  12  0  0  0  0  15.1  13   3   3  2   1  17
J.Cueto[4]           2.11  2  1  .667   6  6  1  1  0  42.2  33  11  10  3   8  33
M.Blazek[4]          2.70  1  1  .500  10  0  0  0  0  16.2  12   5   5  1   3  17
S.Casilla[4]         3.14  2  2  .500  11  0  0  0  0  14.1  18   7   5  1  10  11
L.Verrett[4]         3.19  1  1  .500   5  5  0  0  0  31.0  20  11  11  4   5  23
H.Street[4]          3.26  1  2  .333  14  0  0  0  1  19.1  21   7   7  3   6  17
Y.Gallardo[4]        3.34  2  1  .667   6  6  1  0  0  32.1  30  21  12  4  15  19
D.Fister[4]          3.38  1  0 1.000   1  1  0  0  0   8.0   9   3   3  1   2   3
Z.Duke[4]            3.86  1  1  .500  11  0  0  0  0  14.0  11   8   6  1   9  16
J.Vargas[4]          5.02  0  0  ----   3  3  0  0  0  14.1  14   8   8  1   5   8
B.Oberholtzer[4]    11.25  0  0  ----   1  1  0  0  0   4.0   9   5   5  0   2   3
ALL NON-PITCHERS[4]  ----  0  0  ----   0  0  0  0  0   0.0   0   0   0  0   0   0
Team                                          3                   -1
----------------- ---- -- -- ----- --- -- -- -- -- ----- --- --- --- -- --- ---
TEAM TOTALS       2.63    10        30     2     7       243      83     89
                       20     .667     30     4    284.0      99     22     240
[2]
[1]Primary Player Statistics For 2015 San Francisco Giants Totals After 30 Games


[1]NAME              BAVG  GM  AB   R   H 2B 3B HR RBI  BB  SO HB SH DP  SB CS  E
A.Pollock[4]         .394  30 127  26  50  8  2  2  16  10  15  0  0  1  14  2  1
A.Gonzalez[4]        .307  30 114  15  35 11  0  3  18  11  27  1  0  4   0  0  3
T.Tulowitzki[4]      .300  27 100   7  30  5  0  1   7   2  21  3  0  3   0  0  2
K.Pillar[4]          .294  22  85   6  25  4  1  1   9   2  19  0  0  2   5  1  0
A.Gordon[4]          .277  23  65   4  18  5  0  1   9   8  19  2  0  0   0  1  0
N.Castellanos[4]     .264  30 106  12  28  8  2  3  12   6  31  0  0  3   0  0  1
G.Polanco[4]         .258  25  93  11  24  7  1  1  10   5  16  0  0  1   5  3  1
S.Perez[4]           .239  28 109   9  26  5  0  4  12   4  25  0  0  2   0  0  0
M.Gonzalez[4]        .220  24  59   7  13  0  0  1   4   3  16  1  0  3   1  1  0
R.Goins[4]           .200  21  60   6  12  3  1  1   5  12  18  0  0  2   0  1  1
G.Beckham[4]         .120  28  25   2   3  0  0  1   2   1   6  0  0  1   0  0  0
L.Sardinas[4]        .095   9  21   1   2  1  0  0   2   1   5  0  0  2   0  0  0
M.Szczur[4]          .000   4   4   0   0  0  0  0   0   0   2  0  0  0   0  0  0
G.Soto[4]            .000   5  10   0   0  0  0  0   0   0   6  0  0  0   0  0  0
ALL PITCHERS[4]      .129  30  70   8   9  1  0  0   2   2  29  0  4  1   0  0  2
----------------- ---- --- --- --- --- -- -- -- --- --- --- -- -- -- --- -- --
TEAM TOTALS       .262    1048     275     7    108     255     4     25    11
                        30     114     58    19      67      7    25      9


[1]NAME               ERA  W  L   PCT   G GS CG SH SV    IP   H   R  ER HR  BB  SO
D.Hernandez[4]       0.00  0  0  ----   2  0  0  0  0   2.2   0   0   0  0   1   3
S.Tolleson[4]        0.42  2  0 1.000  18  0  0  0 11  21.1  11   1   1  0   7  27
B.Brach[4]           0.52  1  0 1.000  12  0  0  0  0  17.1   6   1   1  0   8  15
J.McGee[4]           1.35  3  0 1.000   8  0  0  0  1  13.1   7   2   2  2   1  17
J.Shields[4]         1.41  4  2  .667   6  6  1  1  0  44.2  17   8   7  2  17  50
M.Harvey[4]          2.50  4  0 1.000   6  6  1  1  0  39.2  40  14  11  3   9  42
T.Wood[4]            2.77  2  0 1.000   7  6  0  0  0  39.0  36  12  12  3  16  47
J.Hoover[4]          3.38  2  1  .667  15  0  0  0  1  16.0   9   6   6  2  14  18
M.Leake[4]           3.76  1  4  .200   6  6  0  0  0  38.1  29  17  16  9  13  23
S.Geltz[4]           3.86  0  0  ----  11  0  0  0  1  16.1  14   7   7  2   3  23
J.Zimmermann[4]      8.01  2  2  .500   6  6  0  0  0  30.1  44  28  27  5  10  27
Z.Godley[4]          ----  0  0  ----   0  0  0  0  0   0.0   0   0   0  0   0   0
P.Corbin[4]          ----  0  0  ----   0  0  0  0  0   0.0   0   0   0  0   0   0
C.Rea[4]             ----  0  0  ----   0  0  0  0  0   0.0   0   0   0  0   0   0
E.Romero[4]          ----  0  0  ----   0  0  0  0  0   0.0   0   0   0  0   0   0
ALL NON-PITCHERS[4]  ----  0  0  ----   0  0  0  0  0   0.0   0   0   0  0   0   0
Team                                          0                   +0
----------------- ---- -- -- ----- --- -- -- -- -- ----- --- --- --- -- --- ---
TEAM TOTALS       2.90     9        30     2    14       213      90     99
                       21     .700     30     2    279.0      96     28     292
[2]
[1]Primary Player Statistics For 2015 Seattle Mariners Totals After 28 Games


[1]NAME              BAVG  GM  AB   R   H 2B 3B HR RBI  BB  SO HB SH DP  SB CS  E
J.Lagares[4]         .357  26  84  12  30  3  3  2  11   1  14  0  1  0   3  4  1
J.Baez[4]            .343  13  35   6  12  6  0  1   5   6   9  0  0  0   2  2  0
A.Ethier[4]          .338  21  77  15  26  5  1  2  15  10  20  0  0  1   0  0  0
E.Aybar[4]           .313  27 115  14  36  8  1  0  14   1   8  1  6  1   2  1  3
J.Hamilton[4]        .308  11  39   5  12  1  0  2   5   1   9  0  0  0   0  0  0
V.Martinez[4]        .308  16  52   3  16  4  0  1   6   3   3  1  0  3   0  0  0
K.Seager[4]          .295  24  88  16  26  8  0  2   6  11  19  0  0  3   2  1  1
A.Pujols[4]          .275  27 109  16  30  4  0  7  19   8  15  0  0  3   2  0  2
S.Piscotty[4]        .275  18  51   6  14  4  0  2   8   5  15  0  0  3   2  0  0
J.Lucroy[4]          .261  24  69  10  18  3  0  1   7  12  19  0  0  5   0  0  2
O.Infante[4]         .215  22  79   8  17  5  0  0   7   3  15  0  1  1   0  0  2
R.Ynoa[4]            .214  11  42   4   9  1  0  0   3   1   8  0  0  2   1  0  3
C.Stewart[4]         .207  12  29   3   6  1  0  0   4   0   8  1  0  0   0  0  0
C.Robinson[4]        .188  18  69   7  13  0  0  1   4   4  11  0  0  2   0  0  1
B.Holaday[4]         .174   6  23   1   4  2  0  1   3   0   7  0  0  0   0  0  1
J.Schafer[4]         .075  16  40   0   3  0  0  0   1   0  15  0  0  1   0  0  0
ALL PITCHERS[4]      ----  28   0   0   0  0  0  0   0   0   0  0  0  0   0  0  3
----------------- ---- --- --- --- --- -- -- -- --- --- --- -- -- -- --- -- --
TEAM TOTALS       .272    1001     272     5    118     195     8     14    19
                        28     126     55    22      66      3    25      8


[1]NAME               ERA  W  L   PCT   G GS CG SH SV    IP   H   R  ER HR  BB  SO
T.Bauer[4]           1.19  5  0 1.000   5  5  2  1  0  37.2  21   6   5  2  13  30
T.Duffey[4]          1.47  1  1  .500   3  3  0  0  0  18.1  12   6   3  3  10  18
B.Ziegler[4]         1.50  2  0 1.000  13  0  0  0  8  18.0  14   3   3  2   2   9
R.Dickey[4]          1.91  4  1  .800   6  6  0  0  0  37.2  30   8   8  0  15  23
C.Kimbrel[4]         2.03  0  0  ----  13  0  0  0  3  13.1  10   3   3  1   4  17
S.Strasburg[4]       2.16  1  0 1.000   2  2  0  0  0  16.2  16   4   4  0   1  26
M.Buehrle[4]         2.81  1  3  .250   6  6  0  0  0  32.0  38  12  10  1   5  11
T.Clippard[4]        3.45  1  1  .500  11  0  0  0  1  15.2  13   7   6  3   8  12
H.Santiago[4]        3.86  4  1  .800   6  6  0  0  0  37.1  27  19  16  5  14  32
T.Watson[4]          4.50  1  0 1.000  10  0  0  0  0  22.0  20  12  11  0   3  17
T.Sipp[4]            4.63  1  0 1.000   8  0  0  0  0  11.2  12   6   6  2   3  16
B.Rondon[4]          ----  0  0  ----   0  0  0  0  0   0.0   0   0   0  0   0   0
R.Webb[4]            ----  0  0  ----   0  0  0  0  0   0.0   0   0   0  0   0   0
D.Hinojosa[4]        ----  0  0  ----   0  0  0  0  0   0.0   0   0   0  0   0   0
ALL NON-PITCHERS[4]  ----  0  0  ----   0  0  0  0  0   0.0   0   0   0  0   0   0
Team                                          2                   +0
----------------- ---- -- -- ----- --- -- -- -- -- ----- --- --- --- -- --- ---
TEAM TOTALS       2.59     7        28     2    12       213      75     78
                       21     .750     28     3    260.1      86     19     211
[2]
[1]Primary Player Statistics For 2015 St. Louis Cardinals Totals After 27 Games


[1]NAME              BAVG  GM  AB   R   H 2B 3B HR RBI  BB  SO HB SH DP  SB CS  E
M.Cabrera[4]         .400  26  80   9  32  8  0  1  13  20  12  0  0  2   0  0  1
O.Herrera[4]         .344  21  93  17  32  6  0  3  10   5  25  1  1  3   1  0  1
B.Posey[4]           .287  25 101  15  29  6  0  4  16   9  12  0  0  5   0  0  1
N.Cruz[4]            .267  26 105  14  28  1  1  4  11   7  20  0  0  6   0  0  1
J.Bruce[4]           .257  27 101  11  26  9  1  5  19   5  26  0  0  0   0  0  0
H.Perez[4]           .241  17  58   7  14  5  0  0   3   3  11  0  0  2   0  1  2
C.McGehee[4]         .226  12  31   2   7  2  0  0   1   2   7  0  0  0   0  1  0
J.Turner[4]          .203  21  79  10  16  1  0  1   6   9  13  2  0  3   1  0  5
I.Suzuki[4]          .182  12  33   3   6  2  0  0   0   0   9  0  0  1   0  0  0
M.Canha[4]           .167  24  72   6  12  5  2  0   5   3  13  3  0  0   1  0  3
B.Moss[4]            .158  22  38   2   6  1  0  2   4   1  12  0  0  2   0  0  0
C.Barmes[4]          .146  13  41   0   6  3  0  0   2   2  13  1  0  0   0  0  2
T.Gosewisch[4]       .130  15  23   2   3  0  0  0   0   0   4  1  0  0   0  0  0
P.Ciriaco[4]         .105  13  38   1   4  1  0  0   4   0   8  1  0  1   1  0  2
ALL PITCHERS[4]      .091  27  55   3   5  1  0  0   1   4  23  0  5  0   0  0  2
----------------- ---- --- --- --- --- -- -- -- --- --- --- -- -- -- --- -- --
TEAM TOTALS       .238     948     226     4     95     208     6      4    20
                        27     102     51    20      70      9    25      2


[1]NAME               ERA  W  L   PCT   G GS CG SH SV    IP   H   R  ER HR  BB  SO
J.Peralta[4]         1.32  1  1  .500  15  0  0  0  0  13.2   9   2   2  1   6  16
F.Rodriguez[4]       1.98  0  0  ----   9  0  0  0  4  13.2  15   3   3  1   4  10
B.Badenhop[4]        2.33  1  0 1.000  16  0  0  0  0  19.1  22   5   5  2   1   9
M.Stroman[4]         3.60  0  1  .000   1  1  1  0  0  10.0   6   4   4  0   5   5
L.McCullers[4]       3.65  1  2  .333   4  4  0  0  0  24.2  25  11  10  2   7  13
T.Wada[4]            3.92  1  0 1.000   9  1  0  0  0  20.2  24   9   9  1   7  16
M.Albers[4]          4.30  1  2  .333  10  0  0  0  0  14.2  13   7   7  3   8  13
J.Lyles[4]           4.76  1  0 1.000   1  1  0  0  0   5.2   7   3   3  0   2   4
F.Hernandez[4]       5.14  0  4  .000   6  6  0  0  0  42.0  43  26  24 10  13  39
J.Guthrie[4]         5.34  0  3  .000   5  5  0  0  0  28.2  35  17  17  5  12  16
J.Cosart[4]          5.74  1  1  .500   3  3  0  0  0  15.2  17  11  10  1  19   7
B.Brown[4]           7.15  0  1  .000  10  0  0  0  0  11.1  15   9   9  1   1   7
A.Sanchez[4]         8.49  0  1  .000   2  2  0  0  0  11.2  10  11  11  1   7   8
T.Roark[4]          10.24  1  3  .250   5  4  0  0  0  19.1  31  23  22  4   5  14
M.Banuelos[4]        ----  0  0  ----   0  0  0  0  0   0.0   0   0   0  0   0   0
C.Richard[4]         ----  0  0  ----   0  0  0  0  0   0.0   0   0   0  0   0   0
ALL NON-PITCHERS[4]  ----  0  0  ----   0  0  0  0  0   0.0   0   0   0  0   0   0
Team                                          0                   +0
----------------- ---- -- -- ----- --- -- -- -- -- ----- --- --- --- -- --- ---
TEAM TOTALS       4.88    19        27     1     4       272     136     97
                        8     .296     27     0    251.0     141     32     177
[2]
[1]Primary Player Statistics For 2015 Tampa Bay Rays Totals After 26 Games


[1]NAME              BAVG  GM  AB   R   H 2B 3B HR RBI  BB  SO HB SH DP  SB CS  E
J.Iglesias[4]        .403  20  67   7  27  2  0  1   9   9   8  0  0  1   2  3  0
J.Altuve[4]          .367  26 109  14  40  7  1  4  14   5  11  1  0  1   9  3  0
M.Moreland[4]        .318  23  85  13  27  6  0  3  14   7  12  1  0  5   0  0  0
J.Dyson[4]           .286  18  56  10  16  2  2  2   7   3  10  3  1  1   6  1  1
B.Guyer[4]           .274  24  62   7  17  4  2  1   7   4  14  2  0  2   1  0  0
A.Cabrera[4]         .269  16  52   5  14  4  2  1   4   8  13  0  0  1   0  0  0
C.Rupp[4]            .255  18  51   6  13  2  0  2   6   4  16  0  0  0   0  0  0
T.D'Arnaud[4]        .250  16  52   4  13  5  1  2   6   2   5  0  0  4   0  0  0
K.Schwarber[4]       .241  17  54   6  13  0  1  5   8   7  22  1  0  1   0  0  0
N.Arenado[4]         .232  26  99   9  23  5  0  4  10   4  21  2  0  3   0  0  1
J.Villar[4]          .220  15  41   9   9  3  0  0   2   3  12  0  0  2   1  0  1
W.Venable[4]         .175  20  63   6  11  2  0  0   2   4  19  1  0  1   4  0  1
D.Murphy[4]          .174  25  86  11  15  2  0  4   9   5  13  1  0  6   0  0  0
J.Smoak[4]           .154   6  13   1   2  0  0  0   1   2   7  0  0  0   0  0  0
E.Perez[4]           ----   0   0   0   0  0  0  0   0   0   0  0  0  0   0  0  0
D.Robertson[4]       ----   0   0   0   0  0  0  0   0   0   0  0  0  0   0  0  0
ALL PITCHERS[4]      ----  26   0   0   0  0  0  0   0   0   0  0  0  0   0  0  3
----------------- ---- --- --- --- --- -- -- -- --- --- --- -- -- -- --- -- --
TEAM TOTALS       .270     890     240     9     99     183     1     23     7
                        26     108     44    29      67     12    28      7


[1]NAME               ERA  W  L   PCT   G GS CG SH SV    IP   H   R  ER HR  BB  SO
H.Strickland[4]      1.56  0  0  ----  19  0  0  0  1  17.1   9   3   3  2   1   7
R.Elias[4]           2.45  2  0 1.000   4  3  0  0  0  22.0  12   6   6  3   8  17
C.Young[4]           2.45  2  1  .667   5  5  0  0  0  29.1  23   8   8  4   5  16
J.Kelly[4]           2.96  3  1  .750   6  4  0  0  0  24.1  20   8   8  2   9  14
L.Gregerson[4]       3.00  1  0 1.000  16  0  0  0  0  15.0   9   5   5  4   4  15
A.Chafin[4]          3.00  1  1  .500  13  0  0  0  1  18.0  16   6   6  0   8  10
A.Miller[4]          3.38  0  2  .000  14  0  0  0  6  13.1  10   5   5  2   4  25
A.Reed[4]            3.60  0  0  ----  11  0  0  0  0  15.0  14   6   6  2   5  18
C.Buchholz[4]        4.02  2  3  .400   5  5  0  0  0  31.1  29  14  14  4   5  25
T.Milone[4]          5.27  1  1  .500   7  3  0  0  0  13.2  13   9   8  4   4   7
J.Nelson[4]          5.76  3  2  .600   7  6  0  0  0  29.2  29  20  19  6  15  24
R.Hill[4]            ----  0  0  ----   0  0  0  0  0   0.0   0   0   0  0   0   0
K.Barraclough[4]     ----  0  0  ----   0  0  0  0  0   0.0   0   0   0  0   0   0
D.Verhagen[4]        ----  0  0  ----   0  0  0  0  0   0.0   0   0   0  0   0   0
ALL NON-PITCHERS[4]  ----  0  0  ----   0  0  0  0  0   0.0   0   0   0  0   0   0
Team                                          4                   +0
----------------- ---- -- -- ----- --- -- -- -- -- ----- --- --- --- -- --- ---
TEAM TOTALS       3.46    11        26     0     8       184      88     68
                       15     .577     26     4    229.0      90     33     178
[2]
[1]Primary Player Statistics For 2015 Texas Rangers Totals After 27 Games


[1]NAME              BAVG  GM  AB   R   H 2B 3B HR RBI  BB  SO HB SH DP  SB CS  E
G.Bird[4]            .364   9  33   4  12  8  0  0   4   8   7  0  0  1   0  0  0
E.Longoria[4]        .321  26 106  10  34  6  0  3  17   8  20  2  0  4   2  0  1
Y.Puig[4]            .305  18  59   6  18  3  0  1   4   7  18  0  0  2   4  1  0
A.Almonte[4]         .288  17  59   8  17  2  0  0   8   5  19  0  0  0   2  2  3
A.Jackson[4]         .286  23  84  12  24  4  0  1   6   6  21  0  2  3   6  2  0
T.Flowers[4]         .276  19  58   6  16  3  0  3   9   7  20  1  0  0   0  0  0
E.Andrus[4]          .265  26  98  14  26  4  0  2  10   7  12  0  1  1   6  1  6
D.Pedroia[4]         .257  20  70  10  18  1  1  3  10  12  11  0  0  0   1  1  1
M.Cuddyer[4]         .239  20  71   9  17  3  0  3  14   7  20  1  0  3   0  0  1
J.Morneau[4]         .237  18  59   7  14  2  2  2  10   4   5  1  0  2   0  0  0
E.Adrianza[4]        .217  15  46   6  10  7  0  0   8  11   6  1  1  2   2  3  1
D.Santana[4]         .211  16  57   5  12  1  1  0   0   2  18  0  0  2   1  1  1
S.Souza[4]           .188  20  69  11  13  3  0  1   4  13  23  0  0  1   1  0  0
B.Pena[4]            .141  20  64   6   9  2  0  0   3   7   8  0  0  4   0  0  0
ALL PITCHERS[4]      ----  27   0   0   0  0  0  0   0   0   0  0  0  0   0  0  1
----------------- ---- --- --- --- --- -- -- -- --- --- --- -- -- -- --- -- --
TEAM TOTALS       .257     933     240     4    107     208     4     25    15
                        27     114     49    19     104      6    25     11


[1]NAME               ERA  W  L   PCT   G GS CG SH SV    IP   H   R  ER HR  BB  SO
K.Gausman[4]         2.45  2  1  .667   3  3  0  0  0  22.0  24   7   6  1   4  14
A.Vizcaino[4]        3.00  0  0  ----  13  0  0  0  0   9.0  15   5   3  0   3   9
J.Danks[4]           3.48  2  0 1.000   5  5  0  0  0  31.0  32  12  12  2  10  17
M.Pelfrey[4]         3.56  2  0 1.000   5  5  0  0  0  30.1  30  13  12  1  10  26
C.Frias[4]           3.72  1  2  .333   5  5  0  0  0  29.0  43  13  12  1   8  19
V.Worley[4]          4.50  0  1  .000  13  0  0  0  2  18.0  18   9   9  3   8   9
C.Allen[4]           5.09  1  5  .167  12  0  0  0  2  17.2  25  15  10  2   7  23
P.Hughes[4]          6.93  0  1  .000   4  4  0  0  0  24.2  32  19  19  8   3  17
I.Kennedy[4]         6.97  0  5  .000   5  5  0  0  0  31.0  35  24  24  8   6  29
S.Maness[4]          8.36  0  2  .000  13  0  0  0  1  14.0  22  14  13  2   3   8
J.Alvarez[4]         9.00  0  2  .000   7  0  0  0  0  14.0  19  14  14  3   6   9
D.Smyly[4]           ----  0  0  ----   0  0  0  0  0   0.0   0   0   0  0   0   0
T.Cahill[4]          ----  0  0  ----   0  0  0  0  0   0.0   0   0   0  0   0   0
K.Ryan[4]            ----  0  0  ----   0  0  0  0  0   0.0   0   0   0  0   0   0
S.Nolin[4]           ----  0  0  ----   0  0  0  0  0   0.0   0   0   0  0   0   0
T.Kahnle[4]          ----  0  0  ----   0  0  0  0  0   0.0   0   0   0  0   0   0
ALL NON-PITCHERS[4]  ----  0  0  ----   0  0  0  0  0   0.0   0   0   0  0   0   0
Team                                          0                   +0
----------------- ---- -- -- ----- --- -- -- -- -- ----- --- --- --- -- --- ---
TEAM TOTALS       5.01    19        27     0     5       295     134     68
                        8     .296     27     0    240.2     145     31     180
[2]
[1]Primary Player Statistics For 2015 Toronto Blue Jays Totals After 27 Games


[1]NAME              BAVG  GM  AB   R   H 2B 3B HR RBI  BB  SO HB SH DP  SB CS  E
T.Thompson[4]        .433   9  30   5  13  4  0  0   3   5   5  0  0  2   1  0  0
J.Panik[4]           .377  20  69  15  26  9  0  3   6  11   7  4  0  0   0  0  1
M.Prado[4]           .326  25  89   8  29  4  0  1  13  11  18  0  0  3   0  0  0
P.Fielder[4]         .296  26  98  12  29  3  0  2  15   8  15  2  0  5   0  0  0
G.Blanco[4]          .274  19  73  10  20  4  0  1   7   5  15  0  1  0   3  0  3
D.Valencia[4]        .263  20  76  11  20  2  0  8  13   5  17  0  0  5   1  0  1
A.Hicks[4]           .260  22  73  14  19  3  1  1   7   3  15  0  0  0   4  0  0
A.Ramirez[4]         .257  27 101   8  26  6  0  1  12   5  16  0  0  3   3  3  3
T.Plouffe[4]         .257  27 105  13  27  6  0  4  18   8  16  0  0  6   1  1  4
J.Lobaton[4]         .244  14  41   5  10  2  0  2   5   4  10  0  0  0   0  0  2
J.Rutledge[4]        .235   7  17   2   4  1  0  0   3   0   5  1  1  0   0  0  1
L.Martin[4]          .211  20  57   6  12  2  0  1   5   2  12  1  0  1   2  0  1
W.Myers[4]           .204  14  49   7  10  1  0  1   3   3  12  0  0  1   1  0  0
D.Butera[4]          .195  15  41   5   8  1  0  0   3   2  10  2  1  0   0  0  0
H.Alberto[4]         .167   2   6   0   1  0  1  0   1   0   1  0  0  0   0  0  0
D.Mesoraco[4]        .067   8  15   2   1  0  0  0   1   1   5  1  0  0   0  0  0
ALL PITCHERS[4]      ----  27   0   0   0  0  0  0   0   0   0  0  0  0   0  0  1
----------------- ---- --- --- --- --- -- -- -- --- --- --- -- -- -- --- -- --
TEAM TOTALS       .271     940     255     2    115     179     3     16    17
                        27     123     48    25      73     11    26      4


[1]NAME               ERA  W  L   PCT   G GS CG SH SV    IP   H   R  ER HR  BB  SO
E.Goeddel[4]         0.00  0  0  ----   6  0  0  0  1  10.1  10   0   0  0   2  12
R.Osuna[4]           1.38  1  0 1.000   8  0  0  0  5  13.0   7   3   2  1   2  12
P.Strop[4]           3.14  1  0 1.000   9  0  0  0  0  14.1  16   6   5  2   6  17
F.Liriano[4]         3.66  3  2  .600   6  6  1  0  0  39.1  29  17  16  6  24  42
K.Gibson[4]          3.72  3  3  .500   6  6  0  0  0  38.2  35  16  16  4   7  32
J.Collmenter[4]      4.18  3  1  .750   5  5  1  0  0  28.0  32  13  13  2   8  13
J.Grimm[4]           4.26  0  1  .000   8  0  0  0  1  12.2  11   6   6  3   7  19
S.Gilmartin[4]       4.50  0  0  ----   8  0  0  0  1  18.0  20   9   9  2   4  19
N.Eovaldi[4]         4.99  2  3  .400   6  6  0  0  0  30.2  34  17  17  6   9  23
S.Kelley[4]          5.00  0  0  ----  10  0  0  0  0  18.0  15  10  10  6   6  25
A.Harang[4]         11.48  0  4  .000   4  4  0  0  0  13.1  28  22  17  4   4   9
A.Alburquerque[4]    ----  0  0  ----   0  0  0  0  0   0.0   0   0   0  0   0   0
M.Perez[4]           ----  0  0  ----   0  0  0  0  0   0.0   0   0   0  0   0   0
Z.Putnam[4]          ----  0  0  ----   0  0  0  0  0   0.0   0   0   0  0   0   0
ALL NON-PITCHERS[4]  ----  0  0  ----   0  0  0  0  0   0.0   0   0   0  0   0   0
Team                                          3                   +0
----------------- ---- -- -- ----- --- -- -- -- -- ----- --- --- --- -- --- ---
TEAM TOTALS       4.23    14        27     2     8       237     111     79
                       13     .481     27     3    236.1     119     36     223
[2]
[1]Primary Player Statistics For 2015 Washington Nationals Totals After 30 Games


[1]NAME              BAVG  GM  AB   R   H 2B 3B HR RBI  BB  SO HB SH DP  SB CS  E
P.Goldschmidt[4]     .385  30 104  21  40  4  1  7  21  14  24  0  0  4   3  2  0
D.Span[4]            .379  15  58  11  22  8  0  2   9   7   8  0  0  1   0  0  0
H.Sanchez[4]         .333   6   9   2   3  2  0  0   0   0   2  0  0  0   0  0  0
R.Raburn[4]          .311  14  45   9  14  6  0  1   7   9   9  0  0  0   0  0  0
B.Lawrie[4]          .271  27  96  10  26  3  1  1   8   4  24  2  0  0   1  0  4
S.Vogt[4]            .270  24  89   7  24  4  0  2  16   8  21  0  0  6   0  0  1
J.Kipnis[4]          .268  25  97  18  26  7  2  2  10   8  24  3  0  1   2  0  0
A.Jones[4]           .250  27 100   8  25  3  2  4  13   4  14  0  0  5   0  0  0
C.Young[4]           .242  19  62  14  15  3  0  2   9   7  18  0  0  0   2  0  0
D.Castro[4]          .241  14  54   3  13  2  0  1   6   1   9  0  0  1   0  0  2
J.Francoeur[4]       .239  13  46   6  11  2  0  3   5   3  16  1  0  0   0  0  0
R.Flaherty[4]        .226  26  62  10  14  3  0  3   6   5  15  1  0  0   0  0  0
J.Hardy[4]           .206  27  68   3  14  0  0  1   3   3  17  0  1  2   0  0  0
C.Ruiz[4]            .196  20  46   5   9  1  0  0   7   5  14  1  0  1   0  0  2
K.Nieuwenhuis[4]     .173  19  52   7   9  0  0  2   7   4  21  1  0  0   3  0  1
ALL PITCHERS[4]      .101  30  69   4   7  1  0  0   2   2  32  0  6  1   0  0  4
----------------- ---- --- --- --- --- -- -- -- --- --- --- -- -- -- --- -- --
TEAM TOTALS       .257    1057     272     6    129     268     7     11    14
                        30     138     49    31      84      9    22      2


[1]NAME               ERA  W  L   PCT   G GS CG SH SV    IP   H   R  ER HR  BB  SO
D.Hudson[4]          0.60  1  0 1.000  12  0  0  0  3  15.0  19   1   1  0   8  16
B.Matusz[4]          1.64  0  0  ----  10  0  0  0  1  11.0  10   6   2  1   4  12
B.Boxberger[4]       1.80  2  1  .667  11  0  0  0  1  15.0   6   3   3  0  10   9
R.Madson[4]          1.80  0  1  .000  10  0  0  0  3  15.0  12   3   3  0   4  20
H.Iwakuma[4]         1.99  5  1  .833   6  6  1  0  0  40.2  24   9   9  5  14  35
J.Garcia[4]          3.00  0  0  ----   1  1  0  0  0   6.0   9   3   2  0   3   7
M.Bolsinger[4]       3.38  2  2  .500   6  6  0  0  0  34.2  39  21  13  4  10  31
J.Lackey[4]          3.43  3  2  .600   7  7  1  1  0  44.2  37  17  17  5  10  32
T.Hudson[4]          4.14  1  2  .333   6  6  0  0  0  37.0  36  18  17  5  14  25
K.Lohse[4]           4.74  2  2  .500   4  4  0  0  0  24.2  27  14  13  7   5  19
J.Fields[4]          6.46  1  2  .333  14  0  0  0  2  15.1  18  12  11  0  10  17
L.Hawkins[4]         9.00  0  0  ----  13  0  0  0  2  12.0  20  12  12  2   3  13
S.Matz[4]            ----  0  0  ----   0  0  0  0  0   0.0   0   0   0  0   0   0
A.Loup[4]            ----  0  0  ----   0  0  0  0  0   0.0   0   0   0  0   0   0
M.Montgomery[4]      ----  0  0  ----   0  0  0  0  0   0.0   0   0   0  0   0   0
ALL NON-PITCHERS[4]  ----  0  0  ----   0  0  0  0  0   0.0   0   0   0  0   0   0
Team                                          0                   +0
----------------- ---- -- -- ----- --- -- -- -- -- ----- --- --- --- -- --- ---
TEAM TOTALS       3.42    13        30     2    12       257     103     95
                       17     .567     30     1    271.0     119     29     236
